"../../../Engine/Content/Animation/DefaultAnimCurveCompressionSettings.uasset" 0
"../../../Engine/Content/ArtTools/RenderToTexture/Enums/RenderToTexture_Enum.uasset" 1
"../../../Engine/Content/ArtTools/RenderToTexture/Enums/RenderToTexture_Flipbook_Enum.uasset" 2
"../../../Engine/Content/ArtTools/RenderToTexture/Enums/RenderToTexture_Imposter_Enum.uasset" 3
"../../../Engine/Content/EditorBlueprintResources/StandardMacros.uasset" 4
"../../../Engine/Content/ArtTools/RenderToTexture/Enums/EIntTypes.uasset" 5
"../../../Engine/Content/ArtTools/RenderToTexture/Macros/RenderToTextureFunctionLibrary.uasset" 6
"../../../Engine/Content/ArtTools/RenderToTexture/Enums/EFloatTypes.uasset" 7
"../../../Engine/Content/ArtTools/RenderToTexture/Macros/RenderToTextureMacros.uasset" 8
"../../../Engine/Content/Functions/Engine_MaterialFunctions01/Opacity/CameraDepthFade.uasset" 9
"../../../Engine/Content/EngineMaterials/T_Default_Material_Grid_M.uasset" 10
"../../../Engine/Content/EngineMaterials/T_Default_Material_Grid_N.uasset" 11
"../../../Engine/Content/EngineMaterials/WorldGridMaterial.uasset" 12
"../../../Engine/Content/ArtTools/RenderToTexture/Meshes/S_1_Unit_Plane.uasset" 13
"../../../Engine/Content/EngineMaterials/DefaultMaterial.uasset" 14
"../../../Engine/Content/BasicShapes/Cone.uasset" 15
"../../../Engine/Content/BasicShapes/Cube.uasset" 16
"../../../Engine/Content/BasicShapes/Cylinder.uasset" 17
"../../../Engine/Content/BasicShapes/Plane.uasset" 18
"../../../Engine/Content/BasicShapes/Sphere.uasset" 19
"../../../Engine/Content/EngineMaterials/DefaultPhysicalMaterial.uasset" 20
"../../../Engine/Content/BufferVisualization/AmbientOcclusion.uasset" 21
"../../../Engine/Content/BufferVisualization/BaseColor.uasset" 22
"../../../Engine/Content/BufferVisualization/CustomDepth.uasset" 23
"../../../Engine/Content/Functions/Engine_MaterialFunctions02/Utility/VectorLength.uasset" 24
"../../../Engine/Content/BufferVisualization/CustomDepthWorldUnits.uasset" 25
"../../../Engine/Content/Functions/Engine_MaterialFunctions02/Utility/BreakOutFloat2Components.uasset" 26
"../../../Engine/Content/Functions/Engine_MaterialFunctions01/Texturing/ScaleUVsByCenter.uasset" 27
"../../../Engine/Content/Functions/Engine_MaterialFunctions02/ScreenResolution.uasset" 28
"../../../Engine/Content/Functions/Engine_MaterialFunctions02/Texturing/ScreenAlignedUVs.uasset" 29
"../../../Engine/Content/Functions/Engine_MaterialFunctions02/Utility/MakeFloat2.uasset" 30
"../../../Engine/Content/Functions/Engine_MaterialFunctions02/Utility/MakeFloat3.uasset" 31
"../../../Engine/Content/EngineMaterials/MiniFont.uasset" 32
"../../../Engine/Content/BufferVisualization/CustomStencil.uasset" 33
"../../../Engine/Content/BufferVisualization/FinalImage.uasset" 34
"../../../Engine/Content/BufferVisualization/LightingModel.uasset" 35
"../../../Engine/Content/BufferVisualization/MaterialAO.uasset" 36
"../../../Engine/Content/BufferVisualization/Metallic.uasset" 37
"../../../Engine/Content/BufferVisualization/Opacity.uasset" 38
"../../../Engine/Content/BufferVisualization/PostTonemapHDRColor.uasset" 39
"../../../Engine/Content/BufferVisualization/PreTonemapHDRColor.uasset" 40
"../../../Engine/Content/BufferVisualization/Roughness.uasset" 41
"../../../Engine/Content/BufferVisualization/SceneColor.uasset" 42
"../../../Engine/Content/BufferVisualization/SceneDepth.uasset" 43
"../../../Engine/Content/BufferVisualization/SceneDepthWorldUnits.uasset" 44
"../../../Engine/Content/BufferVisualization/SeparateTranslucencyA.uasset" 45
"../../../Engine/Content/BufferVisualization/SeparateTranslucencyRGB.uasset" 46
"../../../Engine/Content/BufferVisualization/Specular.uasset" 47
"../../../Engine/Content/BufferVisualization/SubsurfaceColor.uasset" 48
"../../../Engine/Content/BufferVisualization/Velocity.uasset" 49
"../../../Engine/Content/BufferVisualization/WorldNormal.uasset" 50
"../../../Engine/Content/EditorBlueprintResources/ActorMacros.uasset" 51
"../../../Engine/Content/EditorLandscapeResources/DataLayer.uasset" 52
"../../../Engine/Content/EditorLandscapeResources/DefaultAlphaTexture.uasset" 53
"../../../Engine/Content/EditorLandscapeResources/LandscapeGizmoHeight_Mat.uasset" 54
"../../../Engine/Content/EditorLandscapeResources/LandscapeGizmo_Mat.uasset" 55
"../../../Engine/Content/EditorLandscapeResources/LandscapeGizmo_Mat_Copied.uasset" 56
"../../../Engine/Content/EditorLandscapeResources/SplineEditorMeshMat.uasset" 57
"../../../Engine/Content/EditorLandscapeResources/SplineEditorMesh.uasset" 58
"../../../Engine/Content/EditorMaterials/Cross.uasset" 59
"../../../Engine/Content/EditorMaterials/Cross_Mat.uasset" 60
"../../../Engine/Content/EditorMaterials/GizmoMaterial.uasset" 61
"../../../Engine/Content/Functions/Engine_MaterialFunctions02/ExampleContent/Textures/flipbook.uasset" 62
"../../../Engine/Content/Functions/Engine_MaterialFunctions02/Texturing/FlipBook.uasset" 63
"../../../Engine/Content/Functions/Engine_MaterialFunctions02/Utility/Sign.uasset" 64
"../../../Engine/Content/Functions/Engine_MaterialFunctions02/Utility/Round.uasset" 65
"../../../Engine/Content/EditorResources/T_EditorHelp.uasset" 66
"../../../Engine/Content/EditorMaterials/HelpActorMaterial.uasset" 67
"../../../Engine/Content/EditorMaterials/CompositeARGBLayer.uasset" 68
"../../../Engine/Content/EditorMaterials/TilingAALineIntegral.uasset" 69
"../../../Engine/Content/EditorMaterials/TilingAALineBoxFiltered.uasset" 70
"../../../Engine/Content/Functions/Engine_MaterialFunctions03/Procedurals/ComputeFilterWidth.uasset" 71
"../../../Engine/Content/EditorMaterials/TilingAADots.uasset" 72
"../../../Engine/Content/EngineMaterials/BlendFunc_DefBase.uasset" 73
"../../../Engine/Content/EngineMaterials/BlendFunc_DefBlend.uasset" 74
"../../../Engine/Content/Functions/Engine_MaterialFunctions03/Blends/Blend_Screen.uasset" 75
"../../../Engine/Content/EditorMaterials/TilingAAGrid.uasset" 76
"../../../Engine/Content/EditorMaterials/LevelGridMaterial.uasset" 77
"../../../Engine/Content/EditorMaterials/MakeCompositeARGBLayer.uasset" 78
"../../../Engine/Content/EditorResources/LevelGrid1DStripes.uasset" 79
"../../../Engine/Content/EditorMaterials/TextureGridCascaded1D.uasset" 80
"../../../Engine/Content/EditorMaterials/TextureGridCascaded2D.uasset" 81
"../../../Engine/Content/EditorMaterials/LevelGridMaterial2.uasset" 82
"../../../Engine/Content/EditorMaterials/MAT_Groups_Toggle.uasset" 83
"../../../Engine/Content/EditorMaterials/MAT_Groups_Visibility.uasset" 84
"../../../Engine/Content/EditorMaterials/AntialiasedGridFloor.uasset" 85
"../../../Engine/Content/EditorResources/TilePatine_D.uasset" 86
"../../../Engine/Content/EditorResources/TilePatine_N.uasset" 87
"../../../Engine/Content/EngineMaterials/Grid.uasset" 88
"../../../Engine/Content/EditorMaterials/PersonaFloorMat.uasset" 89
"../../../Engine/Content/EditorMaterials/PhAT_BoneSelectedMaterial.uasset" 90
"../../../Engine/Content/EditorMaterials/PhAT_ElemSelectedMaterial.uasset" 91
"../../../Engine/Content/EditorMaterials/PhAT_NoCollisionMaterial.uasset" 92
"../../../Engine/Content/EditorMaterials/PhAT_UnselectedMaterial.uasset" 93
"../../../Engine/Content/EditorMaterials/PreviewShadowIndicator.uasset" 94
"../../../Engine/Content/EditorMaterials/PreviewShadowIndicatorMaterial.uasset" 95
"../../../Engine/Content/EditorMaterials/TargetIcon.uasset" 96
"../../../Engine/Content/EditorMaterials/Tick.uasset" 97
"../../../Engine/Content/EditorMaterials/Tick_Mat.uasset" 98
"../../../Engine/Content/EditorMaterials/WidgetGridVertexColorMaterial.uasset" 99
"../../../Engine/Content/EditorMaterials/WidgetGridVertexColorMaterial_Ma.uasset" 100
"../../../Engine/Content/EditorMaterials/WidgetMaterial.uasset" 101
"../../../Engine/Content/EditorMaterials/WidgetMaterial_Current.uasset" 102
"../../../Engine/Content/EditorMaterials/WidgetMaterial_X.uasset" 103
"../../../Engine/Content/EditorMaterials/WidgetMaterial_Y.uasset" 104
"../../../Engine/Content/EditorMaterials/WidgetMaterial_Z.uasset" 105
"../../../Engine/Content/EditorMaterials/WidgetVertexColorMaterial.uasset" 106
"../../../Engine/Content/EditorMaterials/AssetViewer/EpicQuadPanorama_CC+EV1.uasset" 107
"../../../Engine/Content/MapTemplates/Sky/SunsetAmbientCubemap.uasset" 108
"../../../Engine/Content/EditorMaterials/AssetViewer/M_SkyBox.uasset" 109
"../../../Engine/Content/EditorMaterials/MatineeGroups/MAT_ColorTrack.uasset" 110
"../../../Engine/Content/EditorMaterials/MatineeGroups/MAT_Groups_Anim.uasset" 111
"../../../Engine/Content/EditorMaterials/MatineeGroups/MAT_Groups_AudioMaster.uasset" 112
"../../../Engine/Content/EditorMaterials/MatineeGroups/MAT_Groups_Director.uasset" 113
"../../../Engine/Content/EditorMaterials/MatineeGroups/MAT_Groups_Event.uasset" 114
"../../../Engine/Content/EditorMaterials/MatineeGroups/MAT_Groups_Fade.uasset" 115
"../../../Engine/Content/EditorMaterials/MatineeGroups/MAT_Groups_Float.uasset" 116
"../../../Engine/Content/EditorMaterials/MatineeGroups/MAT_Groups_Move.uasset" 117
"../../../Engine/Content/EditorMaterials/MatineeGroups/MAT_Groups_Slomo.uasset" 118
"../../../Engine/Content/EditorMaterials/MatineeGroups/MAT_Groups_Sound.uasset" 119
"../../../Engine/Content/EditorMaterials/MatineeGroups/MAT_Groups_Vector.uasset" 120
"../../../Engine/Content/EditorMaterials/ParticleSystems/PSysThumbnail_NoImage.uasset" 121
"../../../Engine/Content/EditorMaterials/ParticleSystems/PSysThumbnail_OOD.uasset" 122
"../../../Engine/Content/EditorMaterials/Thumbnails/FloorPlaneMaterial.uasset" 123
"../../../Engine/Content/EditorMeshes/EditorCube.uasset" 124
"../../../Engine/Content/EditorMeshes/EditorCylinder.uasset" 125
"../../../Engine/Content/EditorMeshes/EditorPlane.uasset" 126
"../../../Engine/Content/EditorMaterials/Thumbnails/SkySphereMaterial.uasset" 127
"../../../Engine/Content/EditorMeshes/EditorSkySphere.uasset" 128
"../../../Engine/Content/EditorMeshes/EditorSphere.uasset" 129
"../../../Engine/Content/EditorResources/MatineeCam_D.uasset" 130
"../../../Engine/Content/EditorMaterials/MatineeCam_mat.uasset" 131
"../../../Engine/Content/EditorMeshes/MatineeCam_SM.uasset" 132
"../../../Engine/Content/Functions/Engine_MaterialFunctions01/Shading/ConvertFromDiffSpec.uasset" 133
"../../../Engine/Content/EditorMaterials/GridMaterial.uasset" 134
"../../../Engine/Content/EditorMeshes/PhAT_FloorBox.uasset" 135
"../../../Engine/Content/EditorMeshes/PlanarReflectionPlane.uasset" 136
"../../../Engine/Content/EditorMeshes/AssetViewer/Floor_Mesh.uasset" 137
"../../../Engine/Content/EditorMeshes/AssetViewer/Sphere_inversenormals.uasset" 138
"../../../Engine/Content/EditorMaterials/Camera/CineMat.uasset" 139
"../../../Engine/Content/EditorMaterials/Camera/MI_CineMat_CameraBody.uasset" 140
"../../../Engine/Content/EngineDebugMaterials/M_SimpleOpaque.uasset" 141
"../../../Engine/Content/EditorMaterials/Camera/MI_CineMat_CamViewFinder.uasset" 142
"../../../Engine/Content/EditorMeshes/Camera/SM_CineCam.uasset" 143
"../../../Engine/Content/EditorMaterials/Camera/MI_CineMat_Rig.uasset" 144
"../../../Engine/Content/EditorMeshes/Camera/SM_CraneRig_Arm.uasset" 145
"../../../Engine/Content/EditorMeshes/Camera/SM_CraneRig_Base.uasset" 146
"../../../Engine/Content/EditorMeshes/Camera/SM_CraneRig_Body.uasset" 147
"../../../Engine/Content/EditorMeshes/Camera/SM_CraneRig_Mount.uasset" 148
"../../../Engine/Content/EditorMeshes/Camera/SM_RailRig_Mount.uasset" 149
"../../../Engine/Content/EditorMeshes/Camera/SM_RailRig_Track.uasset" 150
"../../../Engine/Content/EditorMeshes/ColorCalibrator/M_ChromeBall.uasset" 151
"../../../Engine/Content/EditorResources/Bad.uasset" 152
"../../../Engine/Content/EditorResources/BSPVertex.uasset" 153
"../../../Engine/Content/EditorResources/EmptyActor.uasset" 154
"../../../Engine/Content/EditorResources/MatInstActSprite.uasset" 155
"../../../Engine/Content/EditorResources/SceneManager.uasset" 156
"../../../Engine/Content/EditorResources/SmallFont.uasset" 157
"../../../Engine/Content/EditorResources/S_Actor.uasset" 158
"../../../Engine/Content/EditorResources/S_DecalActorIcon.uasset" 159
"../../../Engine/Content/EditorResources/S_Emitter.uasset" 160
"../../../Engine/Content/EditorResources/S_ExpoHeightFog.uasset" 161
"../../../Engine/Content/EditorResources/S_FTest.uasset" 162
"../../../Engine/Content/EditorResources/S_KBSJoint.uasset" 163
"../../../Engine/Content/EditorResources/S_KHinge.uasset" 164
"../../../Engine/Content/EditorResources/S_KPrismatic.uasset" 165
"../../../Engine/Content/EditorResources/S_LevelSequence.uasset" 166
"../../../Engine/Content/EditorResources/S_NavP.uasset" 167
"../../../Engine/Content/EditorResources/S_Note.uasset" 168
"../../../Engine/Content/EditorResources/S_Player.uasset" 169
"../../../Engine/Content/EditorResources/S_PortalActorIcon2.uasset" 170
"../../../Engine/Content/EditorResources/S_RadForce.uasset" 171
"../../../Engine/Content/EditorResources/S_ReflActorIcon.uasset" 172
"../../../Engine/Content/EditorResources/S_Terrain.uasset" 173
"../../../Engine/Content/EditorResources/S_TextRenderActorIcon.uasset" 174
"../../../Engine/Content/EditorResources/S_Thruster.uasset" 175
"../../../Engine/Content/EditorResources/S_Trigger.uasset" 176
"../../../Engine/Content/EditorResources/S_VectorFieldVol.uasset" 177
"../../../Engine/Content/EditorResources/S_WindDirectional.uasset" 178
"../../../Engine/Content/EditorResources/AI/S_NavLink.uasset" 179
"../../../Engine/Content/EditorResources/LightIcons/SkyLight.uasset" 180
"../../../Engine/Content/EditorResources/LightIcons/S_LightDirectional.uasset" 181
"../../../Engine/Content/EditorResources/LightIcons/S_LightDirectionalMove.uasset" 182
"../../../Engine/Content/EditorResources/LightIcons/S_LightError.uasset" 183
"../../../Engine/Content/EditorResources/LightIcons/S_LightPoint.uasset" 184
"../../../Engine/Content/EditorResources/LightIcons/S_LightPointMove.uasset" 185
"../../../Engine/Content/EditorResources/LightIcons/S_LightSpot.uasset" 186
"../../../Engine/Content/EditorResources/LightIcons/S_LightSpotMove.uasset" 187
"../../../Engine/Content/EditorResources/SequenceRecorder/Countdown.uasset" 188
"../../../Engine/Content/EditorResources/SequenceRecorder/RecordingIndicator.uasset" 189
"../../../Engine/Content/EditorResources/Spline/T_Loft_Spline.uasset" 190
"../../../Engine/Content/EditorSounds/Notifications/CompileFailed.uasset" 191
"../../../Engine/Content/EditorSounds/Notifications/CompileFailed_Cue.uasset" 192
"../../../Engine/Content/EditorSounds/Notifications/CompileSuccess.uasset" 193
"../../../Engine/Content/EditorSounds/Notifications/CompileStart_Cue.uasset" 194
"../../../Engine/Content/EditorSounds/Notifications/CompileSuccess_Cue.uasset" 195
"../../../Engine/Content/EngineDamageTypes/DmgTypeBP_Environmental.uasset" 196
"../../../Engine/Content/EngineDebugMaterials/HeatmapGradient.uasset" 197
"../../../Engine/Content/EngineDebugMaterials/BoneWeightMaterial.uasset" 198
"../../../Engine/Content/EngineDebugMaterials/ClothMaterial.uasset" 199
"../../../Engine/Content/EngineDebugMaterials/ClothMaterial_WF.uasset" 200
"../../../Engine/Content/EngineDebugMaterials/DebugEditorMaterial.uasset" 201
"../../../Engine/Content/EngineDebugMaterials/DebugMeshMaterial.uasset" 202
"../../../Engine/Content/EngineDebugMaterials/GeomMaterial.uasset" 203
"../../../Engine/Content/EngineDebugMaterials/LevelColorationLitMaterial.uasset" 204
"../../../Engine/Content/EngineDebugMaterials/LevelColorationUnlitMaterial.uasset" 205
"../../../Engine/Content/EngineMaterials/DefaultWhiteGrid.uasset" 206
"../../../Engine/Content/EngineDebugMaterials/MAT_LevelColorationLitLightmapUV.uasset" 207
"../../../Engine/Content/EngineDebugMaterials/M_SimpleTranslucent.uasset" 208
"../../../Engine/Content/EngineDebugMaterials/ShadedLevelColorationLitMaterial.uasset" 209
"../../../Engine/Content/EngineDebugMaterials/ShadedLevelColorationUnlitMateri.uasset" 210
"../../../Engine/Content/EngineDebugMaterials/VertexColorMaterial.uasset" 211
"../../../Engine/Content/EngineDebugMaterials/VertexColorViewMode_AlphaAsColor.uasset" 212
"../../../Engine/Content/EngineDebugMaterials/VertexColorViewMode_BlueOnly.uasset" 213
"../../../Engine/Content/EngineDebugMaterials/VertexColorViewMode_ColorOnly.uasset" 214
"../../../Engine/Content/EngineDebugMaterials/VertexColorViewMode_GreenOnly.uasset" 215
"../../../Engine/Content/EngineDebugMaterials/VertexColorViewMode_RedOnly.uasset" 216
"../../../Engine/Content/EngineDebugMaterials/WireframeMaterial.uasset" 217
"../../../Engine/Content/EngineFonts/Faces/RobotoBold.uasset" 218
"../../../Engine/Content/EngineFonts/Faces/RobotoBoldItalic.uasset" 219
"../../../Engine/Content/EngineFonts/Faces/RobotoItalic.uasset" 220
"../../../Engine/Content/EngineFonts/Faces/RobotoLight.uasset" 221
"../../../Engine/Content/EngineFonts/Faces/RobotoRegular.uasset" 222
"../../../Engine/Content/EngineFonts/Roboto.uasset" 223
"../../../Engine/Content/EngineFonts/Faces/RobotoTiny.uasset" 224
"../../../Engine/Content/EngineFonts/RobotoTiny.uasset" 225
"../../../Engine/Content/EngineFonts/SmallFont.uasset" 226
"../../../Engine/Content/EngineFonts/TinyFont.uasset" 227
"../../../Engine/Content/EngineMaterials/BaseFlattenDiffuseMap.uasset" 228
"../../../Engine/Content/EngineMaterials/BaseFlattenEmissiveMap.uasset" 229
"../../../Engine/Content/EngineMaterials/BaseFlattenGrayscaleMap.uasset" 230
"../../../Engine/Content/EngineMaterials/BaseFlattenNormalMap.uasset" 231
"../../../Engine/Content/EngineMaterials/BaseFlattenMaterial.uasset" 232
"../../../Engine/Content/EngineResources/WhiteSquareTexture.uasset" 233
"../../../Engine/Content/EngineMaterials/BlinkingCaret.uasset" 234
"../../../Engine/Content/EngineMaterials/DefaultBloomKernel.uasset" 235
"../../../Engine/Content/EngineMaterials/DefaultBokeh.uasset" 236
"../../../Engine/Content/EngineMaterials/DefaultDiffuse.uasset" 237
"../../../Engine/Content/EngineMaterials/DefaultDeferredDecalMaterial.uasset" 238
"../../../Engine/Content/EngineMaterials/DefaultLightFunctionMaterial.uasset" 239
"../../../Engine/Content/EngineMaterials/DefaultNormal.uasset" 240
"../../../Engine/Content/EngineMaterials/DefaultPostProcessMaterial.uasset" 241
"../../../Engine/Content/EngineFonts/RobotoDistanceField.uasset" 242
"../../../Engine/Content/EngineMaterials/DefaultTextMaterialOpaque.uasset" 243
"../../../Engine/Content/EngineMaterials/EditorBrushMaterial.uasset" 244
"../../../Engine/Content/EngineMaterials/Good64x64TilingNoiseHighFreq.uasset" 245
"../../../Engine/Content/EngineMaterials/Grid_N.uasset" 246
"../../../Engine/Content/EngineMaterials/HighResolutionScreenshotMaskFunction.uasset" 247
"../../../Engine/Content/EngineMaterials/HighResScreenshot.uasset" 248
"../../../Engine/Content/EngineMaterials/HighResScreenshotCaptureRegion.uasset" 249
"../../../Engine/Content/EngineMaterials/HighResScreenshotMask.uasset" 250
"../../../Engine/Content/EngineMaterials/LandscapeHolePhysicalMaterial.uasset" 251
"../../../Engine/Content/EngineMaterials/InvalidLightmapSettings.uasset" 252
"../../../Engine/Content/EngineMaterials/M_InvalidLightmapSettings.uasset" 253
"../../../Engine/Content/EngineMaterials/PaperDiffuse.uasset" 254
"../../../Engine/Content/EngineMaterials/PaperNormal.uasset" 255
"../../../Engine/Content/Functions/Engine_MaterialFunctions02/WorldPositionOffset/CameraOffset.uasset" 256
"../../../Engine/Content/EngineMaterials/PhAT_JointLimitMaterial.uasset" 257
"../../../Engine/Content/EngineMaterials/PhysMat_Rubber.uasset" 258
"../../../Engine/Content/EngineMaterials/PreintegratedSkinBRDF.uasset" 259
"../../../Engine/Content/EngineMaterials/RemoveSurfaceMaterial.uasset" 260
"../../../Engine/Content/EngineMaterials/WeightMapPlaceholderTexture.uasset" 261
"../../../Engine/Content/EngineMaterials/Widget3DPassThrough.uasset" 262
"../../../Engine/Content/EngineMaterials/Widget3DPassThrough_Masked.uasset" 263
"../../../Engine/Content/EngineMaterials/Widget3DPassThrough_Opaque.uasset" 264
"../../../Engine/Content/EngineMaterials/Widget3DPassThrough_Masked_OneSided.uasset" 265
"../../../Engine/Content/EngineMaterials/Widget3DPassThrough_Opaque_OneSided.uasset" 266
"../../../Engine/Content/EngineMaterials/Widget3DPassThrough_Translucent.uasset" 267
"../../../Engine/Content/EngineMaterials/Widget3DPassThrough_Translucent_OneSided.uasset" 268
"../../../Engine/Content/EngineMeshes/Cylinder.uasset" 269
"../../../Engine/Content/EngineMeshes/Sphere.uasset" 270
"../../../Engine/Content/EngineResources/Black.uasset" 271
"../../../Engine/Content/EngineResources/DefaultTexture.uasset" 272
"../../../Engine/Content/EngineResources/DefaultTextureCube.uasset" 273
"../../../Engine/Content/EngineResources/DefaultVolumeTexture2D.uasset" 274
"../../../Engine/Content/EngineResources/DefaultVolumeTexture.uasset" 275
"../../../Engine/Content/EngineResources/GradientTexture0.uasset" 276
"../../../Engine/Content/EngineResources/StreamingPauseIcon.uasset" 277
"../../../Engine/Content/EngineResources/M_StreamingPause.uasset" 278
"../../../Engine/Content/EngineSounds/Master.uasset" 279
"../../../Engine/Content/Functions/Engine_MaterialFunctions01/Shading/PowerToRoughness.uasset" 280
"../../../Engine/Content/Maps/Templates/Thumbnails/Default.uasset" 281
"../../../Engine/Content/Maps/Templates/Thumbnails/VR-Basic.uasset" 282
"../../../Engine/Content/MobileResources/T_MobileControls_texture.uasset" 283
"../../../Engine/Content/MobileResources/T_MobileMenu2.uasset" 284
"../../../Engine/Content/MobileResources/HUD/AnalogHat.uasset" 285
"../../../Engine/Content/MobileResources/HUD/VirtualJoystick_Background.uasset" 286
"../../../Engine/Content/MobileResources/HUD/VirtualJoystick_Thumb.uasset" 287
"../../../Engine/Content/MobileResources/HUD/DefaultVirtualJoysticks.uasset" 288
"../../../Engine/Content/MobileResources/HUD/LeftVirtualJoystickOnly.uasset" 289
"../../../Engine/Content/MobileResources/HUD/MobileHUDButton1_off.uasset" 290
"../../../Engine/Content/MobileResources/HUD/MobileHUDButton1_on.uasset" 291
"../../../Engine/Content/MobileResources/HUD/MobileHUDButton2_off.uasset" 292
"../../../Engine/Content/MobileResources/HUD/MobileHUDButton2_on.uasset" 293
"../../../Engine/Content/MobileResources/HUD/MobileHUDButton3.uasset" 294
"../../../Engine/Content/MobileResources/HUD/MobileHUDButtonFire.uasset" 295
"../../../Engine/Content/MobileResources/HUD/MobileHUDDirectionPad.uasset" 296
"../../../Engine/Content/MobileResources/HUD/MobileHUDDirectionPad2.uasset" 297
"../../../Engine/Content/MobileResources/HUD/MobileHUDDirectionPad3.uasset" 298
"../../../Engine/Content/MobileResources/HUD/MobileHUDDirectionStick.uasset" 299
"../../../Engine/Content/MobileResources/HUD/T_Castle_ThumbstickInner.uasset" 300
"../../../Engine/Content/MobileResources/HUD/T_Castle_ThumbstickOutter.uasset" 301
"../../../Engine/Content/Tutorial/ContentIntroCurve.uasset" 302
"../../../Engine/Content/Tutorial/Basics/LevelEditorAttract.uasset" 303
"../../../Engine/Content/Tutorial/Basics/TutorialAssets/icon_tab_Levels_40x.uasset" 304
"../../../Engine/Content/Tutorial/Basics/LevelEditorOverview.uasset" 305
"../../../Engine/Content/Tutorial/BlueprintTutorials/TutorialAssets/Blueprint_64x.uasset" 306
"../../../Engine/Content/Tutorial/BlueprintTutorials/BlueprintEditorTutorial.uasset" 307
"../../../Engine/Content/Tutorial/BlueprintTutorials/TutorialAssets/Tutorial_BP_MacroLib.uasset" 308
"../../../Engine/Content/Tutorial/Landscape/TutorialAssets/Landscape.uasset" 309
"../../../Engine/Content/Tutorial/Landscape/LandscapeWalkThrough.uasset" 310
"../../../Engine/Content/Tutorial/Landscape/Landscape_Manage_Mode.uasset" 311
"../../../Engine/Content/Tutorial/Landscape/Landscape_Painting_Mode.uasset" 312
"../../../Engine/Content/Tutorial/Landscape/Landscape_Sculpt_Mode.uasset" 313
"../../../Engine/Content/Tutorial/SubEditors/GettingSubstance.uasset" 314
"../../../Engine/Content/Tutorial/SubEditors/MaterialEditorTutorial.uasset" 315
"../../../Engine/Content/Tutorial/SubEditors/TutorialAssets/TutorialMaterial.uasset" 316
"../../../Engine/Content/VREditor/LaserPointer/VR_LaserPower_01.uasset" 317
"../../../Engine/Content/VREditor/TransformGizmo/TransformGizmoMaterial.uasset" 318
"../../../Engine/Content/VREditor/TransformGizmo/TranslucentTransformGizmoMaterial.uasset" 319
"../../../Engine/Content/VREditor/TransformGizmo/BoundingBoxCorner.uasset" 320
"../../../Engine/Content/VREditor/TransformGizmo/BoundingBoxEdge.uasset" 321
"../../../Engine/Content/VREditor/TransformGizmo/PlaneTranslationHandle.uasset" 322
"../../../Engine/Content/VREditor/TransformGizmo/Main.uasset" 323
"../../../Engine/Content/VREditor/TransformGizmo/Xray.uasset" 324
"../../../Engine/Content/VREditor/TransformGizmo/SM_Sequencer_Key.uasset" 325
"../../../Engine/Content/VREditor/TransformGizmo/SM_Sequencer_Node.uasset" 326
"../../../../../UnrealProyects/Juego_Fase1/Content/ModularRPGHeroesPolyart/Animations/BowStance/Attack01Maintain_BowAnim.uasset" 327
"../../../../../UnrealProyects/Juego_Fase1/Content/ModularRPGHeroesPolyart/Animations/BowStance/Attack01RepeatFire_BowAnim.uasset" 328
"../../../../../UnrealProyects/Juego_Fase1/Content/ModularRPGHeroesPolyart/Animations/BowStance/Attack01Start_BowAnim.uasset" 329
"../../../../../UnrealProyects/Juego_Fase1/Content/ModularRPGHeroesPolyart/Animations/BowStance/Attack01_BowAnim.uasset" 330
"../../../../../UnrealProyects/Juego_Fase1/Content/ModularRPGHeroesPolyart/Animations/BowStance/Attack02Maintain_BowAnim.uasset" 331
"../../../../../UnrealProyects/Juego_Fase1/Content/ModularRPGHeroesPolyart/Animations/BowStance/Attack02RepeatFire_BowAnim.uasset" 332
"../../../../../UnrealProyects/Juego_Fase1/Content/ModularRPGHeroesPolyart/Animations/BowStance/Attack02Start_BowAnim.uasset" 333
"../../../../../UnrealProyects/Juego_Fase1/Content/ModularRPGHeroesPolyart/Animations/BowStance/Attack02_BowAnim.uasset" 334
"../../../../../UnrealProyects/Juego_Fase1/Content/ModularRPGHeroesPolyart/Animations/BowStance/DashBackward_BowAnim.uasset" 335
"../../../../../UnrealProyects/Juego_Fase1/Content/ModularRPGHeroesPolyart/Animations/BowStance/DashForward_BowAnim.uasset" 336
"../../../../../UnrealProyects/Juego_Fase1/Content/ModularRPGHeroesPolyart/Animations/BowStance/DashLeft_BowAnim.uasset" 337
"../../../../../UnrealProyects/Juego_Fase1/Content/ModularRPGHeroesPolyart/Animations/BowStance/DashRight_BowAnim.uasset" 338
"../../../../../UnrealProyects/Juego_Fase1/Content/ModularRPGHeroesPolyart/Animations/BowStance/DieRecover_BowAnim.uasset" 339
"../../../../../UnrealProyects/Juego_Fase1/Content/ModularRPGHeroesPolyart/Animations/BowStance/Die_BowAnim.uasset" 340
"../../../../../UnrealProyects/Juego_Fase1/Content/ModularRPGHeroesPolyart/Animations/BowStance/Dizzy_BowAnim.uasset" 341
"../../../../../UnrealProyects/Juego_Fase1/Content/ModularRPGHeroesPolyart/Animations/BowStance/EquipmentChange_BowAnim.uasset" 342
"../../../../../UnrealProyects/Juego_Fase1/Content/ModularRPGHeroesPolyart/Animations/BowStance/GetHit_BowAnim.uasset" 343
"../../../../../UnrealProyects/Juego_Fase1/Content/ModularRPGHeroesPolyart/Animations/BowStance/Idle_BowAnim.uasset" 344
"../../../../../UnrealProyects/Juego_Fase1/Content/ModularRPGHeroesPolyart/Animations/BowStance/JumpAir_BowAnim.uasset" 345
"../../../../../UnrealProyects/Juego_Fase1/Content/ModularRPGHeroesPolyart/Animations/BowStance/JumpAttack_BowAnim.uasset" 346
"../../../../../UnrealProyects/Juego_Fase1/Content/ModularRPGHeroesPolyart/Animations/BowStance/JumpEnd_BowAnim.uasset" 347
"../../../../../UnrealProyects/Juego_Fase1/Content/ModularRPGHeroesPolyart/Animations/BowStance/JumpStart_BowAnim.uasset" 348
"../../../../../UnrealProyects/Juego_Fase1/Content/ModularRPGHeroesPolyart/Animations/BowStance/RollBack_Bow.uasset" 349
"../../../../../UnrealProyects/Juego_Fase1/Content/ModularRPGHeroesPolyart/Animations/BowStance/RollLeft_Bow.uasset" 350
"../../../../../UnrealProyects/Juego_Fase1/Content/ModularRPGHeroesPolyart/Animations/BowStance/RollRight_Bow.uasset" 351
"../../../../../UnrealProyects/Juego_Fase1/Content/ModularRPGHeroesPolyart/Animations/BowStance/Roll_BowAnim.uasset" 352
"../../../../../UnrealProyects/Juego_Fase1/Content/ModularRPGHeroesPolyart/Animations/BowStance/Roll_Bow_RMAnim.uasset" 353
"../../../../../UnrealProyects/Juego_Fase1/Content/ModularRPGHeroesPolyart/Animations/BowStance/RunBack_BowAnim.uasset" 354
"../../../../../UnrealProyects/Juego_Fase1/Content/ModularRPGHeroesPolyart/Animations/BowStance/Run_BowAnim.uasset" 355
"../../../../../UnrealProyects/Juego_Fase1/Content/ModularRPGHeroesPolyart/Animations/BowStance/Slide_BowAnim.uasset" 356
"../../../../../UnrealProyects/Juego_Fase1/Content/ModularRPGHeroesPolyart/Animations/BowStance/Sprint_BowAnim.uasset" 357
"../../../../../UnrealProyects/Juego_Fase1/Content/ModularRPGHeroesPolyart/Animations/BowStance/VictoryMaintain_BowAnim.uasset" 358
"../../../../../UnrealProyects/Juego_Fase1/Content/ModularRPGHeroesPolyart/Animations/BowStance/Victory_BowAnim.uasset" 359
"../../../../../UnrealProyects/Juego_Fase1/Content/ModularRPGHeroesPolyart/Animations/BowStance/WalkBack_BowAnim.uasset" 360
"../../../../../UnrealProyects/Juego_Fase1/Content/ModularRPGHeroesPolyart/Animations/BowStance/WalkLeft_BowAnim.uasset" 361
"../../../../../UnrealProyects/Juego_Fase1/Content/ModularRPGHeroesPolyart/Animations/BowStance/WalkRight_BowAnim.uasset" 362
"../../../../../UnrealProyects/Juego_Fase1/Content/ModularRPGHeroesPolyart/Animations/BowStance/Walk_BowAnim.uasset" 363
"../../../../../UnrealProyects/Juego_Fase1/Content/ModularRPGHeroesPolyart/Animations/DoubleSwordStance/Combo01_DoubleSwordAnim.uasset" 364
"../../../../../UnrealProyects/Juego_Fase1/Content/ModularRPGHeroesPolyart/Animations/DoubleSwordStance/Combo01_DoubleSword_RMAnim.uasset" 365
"../../../../../UnrealProyects/Juego_Fase1/Content/ModularRPGHeroesPolyart/Animations/DoubleSwordStance/Combo02_DoubleSwordAnim.uasset" 366
"../../../../../UnrealProyects/Juego_Fase1/Content/ModularRPGHeroesPolyart/Animations/DoubleSwordStance/Combo02_DoubleSword_RMAnim.uasset" 367
"../../../../../UnrealProyects/Juego_Fase1/Content/ModularRPGHeroesPolyart/Animations/DoubleSwordStance/Combo03_DoubleSwordAnim.uasset" 368
"../../../../../UnrealProyects/Juego_Fase1/Content/ModularRPGHeroesPolyart/Animations/DoubleSwordStance/Combo03_DoubleSword_RMAnim.uasset" 369
"../../../../../UnrealProyects/Juego_Fase1/Content/ModularRPGHeroesPolyart/Animations/DoubleSwordStance/Combo04_DoubleSwordAnim.uasset" 370
"../../../../../UnrealProyects/Juego_Fase1/Content/ModularRPGHeroesPolyart/Animations/DoubleSwordStance/Combo04_DoubleSword_RMAnim.uasset" 371
"../../../../../UnrealProyects/Juego_Fase1/Content/ModularRPGHeroesPolyart/Animations/DoubleSwordStance/Combo05_DoubleSwordAnim.uasset" 372
"../../../../../UnrealProyects/Juego_Fase1/Content/ModularRPGHeroesPolyart/Animations/DoubleSwordStance/Combo05_DoubleSword_RMAnim.uasset" 373
"../../../../../UnrealProyects/Juego_Fase1/Content/ModularRPGHeroesPolyart/Animations/DoubleSwordStance/DashBackward_DoubleSwordAnim.uasset" 374
"../../../../../UnrealProyects/Juego_Fase1/Content/ModularRPGHeroesPolyart/Animations/DoubleSwordStance/DashForward_DoubleSwordAnim.uasset" 375
"../../../../../UnrealProyects/Juego_Fase1/Content/ModularRPGHeroesPolyart/Animations/DoubleSwordStance/DashLeft_DoubleSwordAnim.uasset" 376
"../../../../../UnrealProyects/Juego_Fase1/Content/ModularRPGHeroesPolyart/Animations/DoubleSwordStance/DashRight_DoubleSwordAnim.uasset" 377
"../../../../../UnrealProyects/Juego_Fase1/Content/ModularRPGHeroesPolyart/Animations/DoubleSwordStance/DieRecover_DoubleSwordAnim.uasset" 378
"../../../../../UnrealProyects/Juego_Fase1/Content/ModularRPGHeroesPolyart/Animations/DoubleSwordStance/Die_DoubleSwordAnim.uasset" 379
"../../../../../UnrealProyects/Juego_Fase1/Content/ModularRPGHeroesPolyart/Animations/DoubleSwordStance/Dizzy_DoubleSwordAnim.uasset" 380
"../../../../../UnrealProyects/Juego_Fase1/Content/ModularRPGHeroesPolyart/Animations/DoubleSwordStance/EquipmentChange_DoubleSwordAnim.uasset" 381
"../../../../../UnrealProyects/Juego_Fase1/Content/ModularRPGHeroesPolyart/Animations/DoubleSwordStance/GetHit_DoubleSwordAnim.uasset" 382
"../../../../../UnrealProyects/Juego_Fase1/Content/ModularRPGHeroesPolyart/Animations/DoubleSwordStance/Idle_DoubleSwordAnim.uasset" 383
"../../../../../UnrealProyects/Juego_Fase1/Content/ModularRPGHeroesPolyart/Animations/DoubleSwordStance/JumpAir_DoubleSwordAnim.uasset" 384
"../../../../../UnrealProyects/Juego_Fase1/Content/ModularRPGHeroesPolyart/Animations/DoubleSwordStance/JumpAttack_DoubleSwordAnim.uasset" 385
"../../../../../UnrealProyects/Juego_Fase1/Content/ModularRPGHeroesPolyart/Animations/DoubleSwordStance/JumpEnd_DoubleSwordAnim.uasset" 386
"../../../../../UnrealProyects/Juego_Fase1/Content/ModularRPGHeroesPolyart/Animations/DoubleSwordStance/JumpStart_DoubleSwordAnim.uasset" 387
"../../../../../UnrealProyects/Juego_Fase1/Content/ModularRPGHeroesPolyart/Animations/DoubleSwordStance/NormalAttack01_DoubleSwordAnim.uasset" 388
"../../../../../UnrealProyects/Juego_Fase1/Content/ModularRPGHeroesPolyart/Animations/DoubleSwordStance/NormalAttack02_DoubleSwordAnim.uasset" 389
"../../../../../UnrealProyects/Juego_Fase1/Content/ModularRPGHeroesPolyart/Animations/DoubleSwordStance/RollBack_DoubleSword.uasset" 390
"../../../../../UnrealProyects/Juego_Fase1/Content/ModularRPGHeroesPolyart/Animations/DoubleSwordStance/RollLeft_DoubleSword.uasset" 391
"../../../../../UnrealProyects/Juego_Fase1/Content/ModularRPGHeroesPolyart/Animations/DoubleSwordStance/RollRight_DoubleSword.uasset" 392
"../../../../../UnrealProyects/Juego_Fase1/Content/ModularRPGHeroesPolyart/Animations/DoubleSwordStance/Roll_DoubleSwordAnim.uasset" 393
"../../../../../UnrealProyects/Juego_Fase1/Content/ModularRPGHeroesPolyart/Animations/DoubleSwordStance/Roll_DoubleSword_RMAnim.uasset" 394
"../../../../../UnrealProyects/Juego_Fase1/Content/ModularRPGHeroesPolyart/Animations/DoubleSwordStance/RunBack_DoubleSwordAnim.uasset" 395
"../../../../../UnrealProyects/Juego_Fase1/Content/ModularRPGHeroesPolyart/Animations/DoubleSwordStance/Run_DoubleSwordAnim.uasset" 396
"../../../../../UnrealProyects/Juego_Fase1/Content/ModularRPGHeroesPolyart/Animations/DoubleSwordStance/Slide_DoubleSwordAnim.uasset" 397
"../../../../../UnrealProyects/Juego_Fase1/Content/ModularRPGHeroesPolyart/Animations/DoubleSwordStance/Sprint_DoubleSwordAnim.uasset" 398
"../../../../../UnrealProyects/Juego_Fase1/Content/ModularRPGHeroesPolyart/Animations/DoubleSwordStance/VictoryMaintain_DoubleSwordAnim.uasset" 399
"../../../../../UnrealProyects/Juego_Fase1/Content/ModularRPGHeroesPolyart/Animations/DoubleSwordStance/Victory_DoubleSwordAnim.uasset" 400
"../../../../../UnrealProyects/Juego_Fase1/Content/ModularRPGHeroesPolyart/Animations/DoubleSwordStance/WalkBack_DoubleSwordAnim.uasset" 401
"../../../../../UnrealProyects/Juego_Fase1/Content/ModularRPGHeroesPolyart/Animations/DoubleSwordStance/WalkLeft_DoubleSwordAnim.uasset" 402
"../../../../../UnrealProyects/Juego_Fase1/Content/ModularRPGHeroesPolyart/Animations/DoubleSwordStance/WalkRight_DoubleSwordAnim.uasset" 403
"../../../../../UnrealProyects/Juego_Fase1/Content/ModularRPGHeroesPolyart/Animations/DoubleSwordStance/Walk_DoubleSwordAnim.uasset" 404
"../../../../../UnrealProyects/Juego_Fase1/Content/ModularRPGHeroesPolyart/Animations/MagicWandStance/Attack01_MagicWandAnim.uasset" 405
"../../../../../UnrealProyects/Juego_Fase1/Content/ModularRPGHeroesPolyart/Animations/MagicWandStance/Attack02Maintain_MagicWandAnim.uasset" 406
"../../../../../UnrealProyects/Juego_Fase1/Content/ModularRPGHeroesPolyart/Animations/MagicWandStance/Attack02_MagicWandAnim.uasset" 407
"../../../../../UnrealProyects/Juego_Fase1/Content/ModularRPGHeroesPolyart/Animations/MagicWandStance/DashBackward_MagicWandAnim.uasset" 408
"../../../../../UnrealProyects/Juego_Fase1/Content/ModularRPGHeroesPolyart/Animations/MagicWandStance/DashForward_MagicWandAnim.uasset" 409
"../../../../../UnrealProyects/Juego_Fase1/Content/ModularRPGHeroesPolyart/Animations/MagicWandStance/DashLeft_MagicWandAnim.uasset" 410
"../../../../../UnrealProyects/Juego_Fase1/Content/ModularRPGHeroesPolyart/Animations/MagicWandStance/DashRight_MagicWandAnim.uasset" 411
"../../../../../UnrealProyects/Juego_Fase1/Content/ModularRPGHeroesPolyart/Animations/MagicWandStance/DieRecover_MagicWandAnim.uasset" 412
"../../../../../UnrealProyects/Juego_Fase1/Content/ModularRPGHeroesPolyart/Animations/MagicWandStance/Die_MagicWandAnim.uasset" 413
"../../../../../UnrealProyects/Juego_Fase1/Content/ModularRPGHeroesPolyart/Animations/MagicWandStance/Dizzy_MagicWandAnim.uasset" 414
"../../../../../UnrealProyects/Juego_Fase1/Content/ModularRPGHeroesPolyart/Animations/MagicWandStance/EquipmentChange_MagicWandAnim.uasset" 415
"../../../../../UnrealProyects/Juego_Fase1/Content/ModularRPGHeroesPolyart/Animations/MagicWandStance/GetHit_MagicWandAnim.uasset" 416
"../../../../../UnrealProyects/Juego_Fase1/Content/ModularRPGHeroesPolyart/Animations/MagicWandStance/Idle_MagicWandAnim.uasset" 417
"../../../../../UnrealProyects/Juego_Fase1/Content/ModularRPGHeroesPolyart/Animations/MagicWandStance/JumpAir_MagicWandAnim.uasset" 418
"../../../../../UnrealProyects/Juego_Fase1/Content/ModularRPGHeroesPolyart/Animations/MagicWandStance/JumpAttack_MagicWandAnim.uasset" 419
"../../../../../UnrealProyects/Juego_Fase1/Content/ModularRPGHeroesPolyart/Animations/MagicWandStance/JumpEnd_MagicWandAnim.uasset" 420
"../../../../../UnrealProyects/Juego_Fase1/Content/ModularRPGHeroesPolyart/Animations/MagicWandStance/JumpStart_MagicWandAnim.uasset" 421
"../../../../../UnrealProyects/Juego_Fase1/Content/ModularRPGHeroesPolyart/Animations/MagicWandStance/RollBack_MagicWand.uasset" 422
"../../../../../UnrealProyects/Juego_Fase1/Content/ModularRPGHeroesPolyart/Animations/MagicWandStance/RollLeft_MagicWand.uasset" 423
"../../../../../UnrealProyects/Juego_Fase1/Content/ModularRPGHeroesPolyart/Animations/MagicWandStance/RollRight_MagicWand.uasset" 424
"../../../../../UnrealProyects/Juego_Fase1/Content/ModularRPGHeroesPolyart/Animations/MagicWandStance/Roll_MagicWandAnim.uasset" 425
"../../../../../UnrealProyects/Juego_Fase1/Content/ModularRPGHeroesPolyart/Animations/MagicWandStance/Roll_MagicWand_RMAnim.uasset" 426
"../../../../../UnrealProyects/Juego_Fase1/Content/ModularRPGHeroesPolyart/Animations/MagicWandStance/RunBack_MagicWandAnim.uasset" 427
"../../../../../UnrealProyects/Juego_Fase1/Content/ModularRPGHeroesPolyart/Animations/MagicWandStance/Run_MagicWandAnim.uasset" 428
"../../../../../UnrealProyects/Juego_Fase1/Content/ModularRPGHeroesPolyart/Animations/MagicWandStance/Slide_MagicWandAnim.uasset" 429
"../../../../../UnrealProyects/Juego_Fase1/Content/ModularRPGHeroesPolyart/Animations/MagicWandStance/Sprint_MagicWandAnim.uasset" 430
"../../../../../UnrealProyects/Juego_Fase1/Content/ModularRPGHeroesPolyart/Animations/MagicWandStance/VictoryMaintain_MagicWandAnim.uasset" 431
"../../../../../UnrealProyects/Juego_Fase1/Content/ModularRPGHeroesPolyart/Animations/MagicWandStance/Victory_MagicWandAnim.uasset" 432
"../../../../../UnrealProyects/Juego_Fase1/Content/ModularRPGHeroesPolyart/Animations/MagicWandStance/WalkBack_MagicWandAnim.uasset" 433
"../../../../../UnrealProyects/Juego_Fase1/Content/ModularRPGHeroesPolyart/Animations/MagicWandStance/WalkLeft_MagicWandAnim.uasset" 434
"../../../../../UnrealProyects/Juego_Fase1/Content/ModularRPGHeroesPolyart/Animations/MagicWandStance/WalkRight_MagicWandAnim.uasset" 435
"../../../../../UnrealProyects/Juego_Fase1/Content/ModularRPGHeroesPolyart/Animations/MagicWandStance/Walk_MagicWandAnim.uasset" 436
"../../../../../UnrealProyects/Juego_Fase1/Content/ModularRPGHeroesPolyart/Animations/NoWeaponStance/BattleWalkBackward_noWeaponAnim.uasset" 437
"../../../../../UnrealProyects/Juego_Fase1/Content/ModularRPGHeroesPolyart/Animations/NoWeaponStance/BattleWalkLeft_noWeaponAnim.uasset" 438
"../../../../../UnrealProyects/Juego_Fase1/Content/ModularRPGHeroesPolyart/Animations/NoWeaponStance/BattleWalkRight_noWeaponAnim.uasset" 439
"../../../../../UnrealProyects/Juego_Fase1/Content/ModularRPGHeroesPolyart/Animations/NoWeaponStance/BattleWalk_noWeaponAnim.uasset" 440
"../../../../../UnrealProyects/Juego_Fase1/Content/ModularRPGHeroesPolyart/Animations/NoWeaponStance/ClimbEnd_noWeaponAnim.uasset" 441
"../../../../../UnrealProyects/Juego_Fase1/Content/ModularRPGHeroesPolyart/Animations/NoWeaponStance/ClimbStart_noWeaponAnim.uasset" 442
"../../../../../UnrealProyects/Juego_Fase1/Content/ModularRPGHeroesPolyart/Animations/NoWeaponStance/ClimbUp_noWeaponAnim.uasset" 443
"../../../../../UnrealProyects/Juego_Fase1/Content/ModularRPGHeroesPolyart/Animations/NoWeaponStance/DashBackward_noWeaponAnim.uasset" 444
"../../../../../UnrealProyects/Juego_Fase1/Content/ModularRPGHeroesPolyart/Animations/NoWeaponStance/DashForward_noWeaponAnim.uasset" 445
"../../../../../UnrealProyects/Juego_Fase1/Content/ModularRPGHeroesPolyart/Animations/NoWeaponStance/DashLeft_noWeaponAnim.uasset" 446
"../../../../../UnrealProyects/Juego_Fase1/Content/ModularRPGHeroesPolyart/Animations/NoWeaponStance/DashRight_noWeaponAnim.uasset" 447
"../../../../../UnrealProyects/Juego_Fase1/Content/ModularRPGHeroesPolyart/Animations/NoWeaponStance/DieRecover_noWeaponAnim.uasset" 448
"../../../../../UnrealProyects/Juego_Fase1/Content/ModularRPGHeroesPolyart/Animations/NoWeaponStance/Die_noWeaponAnim.uasset" 449
"../../../../../UnrealProyects/Juego_Fase1/Content/ModularRPGHeroesPolyart/Animations/NoWeaponStance/Dizzy_noWeaponAnim.uasset" 450
"../../../../../UnrealProyects/Juego_Fase1/Content/ModularRPGHeroesPolyart/Animations/NoWeaponStance/EquipmentChange_noWeaponAnim.uasset" 451
"../../../../../UnrealProyects/Juego_Fase1/Content/ModularRPGHeroesPolyart/Animations/NoWeaponStance/GetHit_noWeaponAnim.uasset" 452
"../../../../../UnrealProyects/Juego_Fase1/Content/ModularRPGHeroesPolyart/Animations/NoWeaponStance/Idle_noWeaponAnim.uasset" 453
"../../../../../UnrealProyects/Juego_Fase1/Content/ModularRPGHeroesPolyart/Animations/NoWeaponStance/JumpStart_noWeaponAnim.uasset" 454
"../../../../../UnrealProyects/Juego_Fase1/Content/ModularRPGHeroesPolyart/Animations/NoWeaponStance/NormalRunBack_noWeaponAnim.uasset" 455
"../../../../../UnrealProyects/Juego_Fase1/Content/ModularRPGHeroesPolyart/Animations/NoWeaponStance/PickUp_noWeaponAnim.uasset" 456
"../../../../../UnrealProyects/Juego_Fase1/Content/ModularRPGHeroesPolyart/Animations/NoWeaponStance/PotionDrink_noWeaponAnim.uasset" 457
"../../../../../UnrealProyects/Juego_Fase1/Content/ModularRPGHeroesPolyart/Animations/NoWeaponStance/RollBack_noWeapon.uasset" 458
"../../../../../UnrealProyects/Juego_Fase1/Content/ModularRPGHeroesPolyart/Animations/NoWeaponStance/RollLeft_noWeapon.uasset" 459
"../../../../../UnrealProyects/Juego_Fase1/Content/ModularRPGHeroesPolyart/Animations/NoWeaponStance/RollRight_noWeapon.uasset" 460
"../../../../../UnrealProyects/Juego_Fase1/Content/ModularRPGHeroesPolyart/Animations/NoWeaponStance/Roll_noWeaponAnim.uasset" 461
"../../../../../UnrealProyects/Juego_Fase1/Content/ModularRPGHeroesPolyart/Animations/NoWeaponStance/Roll_noWeapon_RMAnim.uasset" 462
"../../../../../UnrealProyects/Juego_Fase1/Content/ModularRPGHeroesPolyart/Animations/NoWeaponStance/Sleep_noWeaponAnim.uasset" 463
"../../../../../UnrealProyects/Juego_Fase1/Content/ModularRPGHeroesPolyart/Animations/NoWeaponStance/Slide_noWeaponAnim.uasset" 464
"../../../../../UnrealProyects/Juego_Fase1/Content/ModularRPGHeroesPolyart/Animations/NoWeaponStance/SwimForward_noWeapon.uasset" 465
"../../../../../UnrealProyects/Juego_Fase1/Content/ModularRPGHeroesPolyart/Animations/NoWeaponStance/SwimIdle_noWeapon.uasset" 466
"../../../../../UnrealProyects/Juego_Fase1/Content/ModularRPGHeroesPolyart/Animations/NoWeaponStance/VictoryMaintain_noWeaponAnim.uasset" 467
"../../../../../UnrealProyects/Juego_Fase1/Content/ModularRPGHeroesPolyart/Animations/NoWeaponStance/Victory_noWeaponAnim.uasset" 468
"../../../../../UnrealProyects/Juego_Fase1/Content/ModularRPGHeroesPolyart/Animations/SwordAndShieldStance/Combo01_SwordShieldAnim.uasset" 469
"../../../../../UnrealProyects/Juego_Fase1/Content/ModularRPGHeroesPolyart/Animations/SwordAndShieldStance/Combo01_SwordShield_RMAnim.uasset" 470
"../../../../../UnrealProyects/Juego_Fase1/Content/ModularRPGHeroesPolyart/Animations/SwordAndShieldStance/Combo02_SwordShieldAnim.uasset" 471
"../../../../../UnrealProyects/Juego_Fase1/Content/ModularRPGHeroesPolyart/Animations/SwordAndShieldStance/Combo02_SwordShield_RMAnim.uasset" 472
"../../../../../UnrealProyects/Juego_Fase1/Content/ModularRPGHeroesPolyart/Animations/SwordAndShieldStance/Combo03_SwordShieldAnim.uasset" 473
"../../../../../UnrealProyects/Juego_Fase1/Content/ModularRPGHeroesPolyart/Animations/SwordAndShieldStance/Combo03_SwordShield_RMAnim.uasset" 474
"../../../../../UnrealProyects/Juego_Fase1/Content/ModularRPGHeroesPolyart/Animations/SwordAndShieldStance/Combo04_SwordShieldAnim.uasset" 475
"../../../../../UnrealProyects/Juego_Fase1/Content/ModularRPGHeroesPolyart/Animations/SwordAndShieldStance/Combo04_SwordShield_RMAnim.uasset" 476
"../../../../../UnrealProyects/Juego_Fase1/Content/ModularRPGHeroesPolyart/Animations/SwordAndShieldStance/Combo05_SwordShieldAnim.uasset" 477
"../../../../../UnrealProyects/Juego_Fase1/Content/ModularRPGHeroesPolyart/Animations/SwordAndShieldStance/Combo05_SwordShield_RMAnim.uasset" 478
"../../../../../UnrealProyects/Juego_Fase1/Content/ModularRPGHeroesPolyart/Animations/SwordAndShieldStance/DashBackward_SwordShieldAnim.uasset" 479
"../../../../../UnrealProyects/Juego_Fase1/Content/ModularRPGHeroesPolyart/Animations/SwordAndShieldStance/DashForward_SwordShieldAnim.uasset" 480
"../../../../../UnrealProyects/Juego_Fase1/Content/ModularRPGHeroesPolyart/Animations/SwordAndShieldStance/DashLeft_SwordShieldAnim.uasset" 481
"../../../../../UnrealProyects/Juego_Fase1/Content/ModularRPGHeroesPolyart/Animations/SwordAndShieldStance/DashRight_SwordShieldAnim.uasset" 482
"../../../../../UnrealProyects/Juego_Fase1/Content/ModularRPGHeroesPolyart/Animations/SwordAndShieldStance/DefendHit_SwordShieldAnim.uasset" 483
"../../../../../UnrealProyects/Juego_Fase1/Content/ModularRPGHeroesPolyart/Animations/SwordAndShieldStance/Defend_SwordShieldAnim.uasset" 484
"../../../../../UnrealProyects/Juego_Fase1/Content/ModularRPGHeroesPolyart/Animations/SwordAndShieldStance/DieRecover_SwordShieldAnim.uasset" 485
"../../../../../UnrealProyects/Juego_Fase1/Content/ModularRPGHeroesPolyart/Animations/SwordAndShieldStance/Die_SwordShieldAnim.uasset" 486
"../../../../../UnrealProyects/Juego_Fase1/Content/ModularRPGHeroesPolyart/Animations/SwordAndShieldStance/Dizzy_SwordShieldAnim.uasset" 487
"../../../../../UnrealProyects/Juego_Fase1/Content/ModularRPGHeroesPolyart/Animations/SwordAndShieldStance/EquipmentChange_SwordShieldAnim.uasset" 488
"../../../../../UnrealProyects/Juego_Fase1/Content/ModularRPGHeroesPolyart/Animations/SwordAndShieldStance/GetHit_SwordShieldAnim.uasset" 489
"../../../../../UnrealProyects/Juego_Fase1/Content/ModularRPGHeroesPolyart/Animations/SwordAndShieldStance/JumpAir_SwordShieldAnim.uasset" 490
"../../../../../UnrealProyects/Juego_Fase1/Content/ModularRPGHeroesPolyart/Animations/SwordAndShieldStance/JumpAttack_SwordShieldAnim.uasset" 491
"../../../../../UnrealProyects/Juego_Fase1/Content/ModularRPGHeroesPolyart/Animations/SwordAndShieldStance/JumpEnd_SwordShieldAnim.uasset" 492
"../../../../../UnrealProyects/Juego_Fase1/Content/ModularRPGHeroesPolyart/Animations/SwordAndShieldStance/JumpStart_SwordShieldAnim.uasset" 493
"../../../../../UnrealProyects/Juego_Fase1/Content/ModularRPGHeroesPolyart/Animations/SwordAndShieldStance/NormalAttack01_SwordShieldAnim.uasset" 494
"../../../../../UnrealProyects/Juego_Fase1/Content/ModularRPGHeroesPolyart/Animations/SwordAndShieldStance/NormalAttack02_SwordShieldAnim.uasset" 495
"../../../../../UnrealProyects/Juego_Fase1/Content/ModularRPGHeroesPolyart/Animations/SwordAndShieldStance/RollBack_SwordShield.uasset" 496
"../../../../../UnrealProyects/Juego_Fase1/Content/ModularRPGHeroesPolyart/Animations/SwordAndShieldStance/RollLeft_SwordShield.uasset" 497
"../../../../../UnrealProyects/Juego_Fase1/Content/ModularRPGHeroesPolyart/Animations/SwordAndShieldStance/RollRight_SwordShield.uasset" 498
"../../../../../UnrealProyects/Juego_Fase1/Content/ModularRPGHeroesPolyart/Animations/SwordAndShieldStance/Roll_SwordShieldAnim.uasset" 499
"../../../../../UnrealProyects/Juego_Fase1/Content/ModularRPGHeroesPolyart/Animations/SwordAndShieldStance/Roll_SwordShield_RMAnim.uasset" 500
"../../../../../UnrealProyects/Juego_Fase1/Content/ModularRPGHeroesPolyart/Animations/SwordAndShieldStance/RunBack_SwordShieldAnim.uasset" 501
"../../../../../UnrealProyects/Juego_Fase1/Content/ModularRPGHeroesPolyart/Animations/SwordAndShieldStance/Run_SwordShieldAnim.uasset" 502
"../../../../../UnrealProyects/Juego_Fase1/Content/ModularRPGHeroesPolyart/Animations/SwordAndShieldStance/Slide_SwordShieldAnim.uasset" 503
"../../../../../UnrealProyects/Juego_Fase1/Content/ModularRPGHeroesPolyart/Animations/SwordAndShieldStance/Sprint_SwordShieldAnim.uasset" 504
"../../../../../UnrealProyects/Juego_Fase1/Content/ModularRPGHeroesPolyart/Animations/SwordAndShieldStance/VictoryMaintain_SwordShieldAnim.uasset" 505
"../../../../../UnrealProyects/Juego_Fase1/Content/ModularRPGHeroesPolyart/Animations/SwordAndShieldStance/Victory_SwordShieldAnim.uasset" 506
"../../../../../UnrealProyects/Juego_Fase1/Content/ModularRPGHeroesPolyart/Animations/SwordAndShieldStance/WalkBack_SwordShieldAnim.uasset" 507
"../../../../../UnrealProyects/Juego_Fase1/Content/ModularRPGHeroesPolyart/Animations/SwordAndShieldStance/WalkLeft_SwordShieldAnim.uasset" 508
"../../../../../UnrealProyects/Juego_Fase1/Content/ModularRPGHeroesPolyart/Animations/SwordAndShieldStance/WalkRight_SwordShieldAnim.uasset" 509
"../../../../../UnrealProyects/Juego_Fase1/Content/ModularRPGHeroesPolyart/Animations/SwordAndShieldStance/Walk_SwordShieldAnim.uasset" 510
"../../../../../UnrealProyects/Juego_Fase1/Content/ModularRPGHeroesPolyart/Animations/TwoHandSwordStance/Combo01_SingleTwohandSwordAnim.uasset" 511
"../../../../../UnrealProyects/Juego_Fase1/Content/ModularRPGHeroesPolyart/Animations/TwoHandSwordStance/Combo01_SingleTwohandSword_RMAnim.uasset" 512
"../../../../../UnrealProyects/Juego_Fase1/Content/ModularRPGHeroesPolyart/Animations/TwoHandSwordStance/Combo02_SingleTwohandSwordAnim.uasset" 513
"../../../../../UnrealProyects/Juego_Fase1/Content/ModularRPGHeroesPolyart/Animations/TwoHandSwordStance/Combo02_SingleTwohandSword_RMAnim.uasset" 514
"../../../../../UnrealProyects/Juego_Fase1/Content/ModularRPGHeroesPolyart/Animations/TwoHandSwordStance/Combo03_SingleTwohandSwordAnim.uasset" 515
"../../../../../UnrealProyects/Juego_Fase1/Content/ModularRPGHeroesPolyart/Animations/TwoHandSwordStance/Combo03_SingleTwohandSword_RMAnim.uasset" 516
"../../../../../UnrealProyects/Juego_Fase1/Content/ModularRPGHeroesPolyart/Animations/TwoHandSwordStance/Combo04_SingleTwohandSwordAnim.uasset" 517
"../../../../../UnrealProyects/Juego_Fase1/Content/ModularRPGHeroesPolyart/Animations/TwoHandSwordStance/Combo04_SingleTwohandSword_RMAnim.uasset" 518
"../../../../../UnrealProyects/Juego_Fase1/Content/ModularRPGHeroesPolyart/Animations/TwoHandSwordStance/Combo05_SingleTwohandSwordAnim.uasset" 519
"../../../../../UnrealProyects/Juego_Fase1/Content/ModularRPGHeroesPolyart/Animations/TwoHandSwordStance/Combo05_SingleTwohandSword_RMAnim.uasset" 520
"../../../../../UnrealProyects/Juego_Fase1/Content/ModularRPGHeroesPolyart/Animations/TwoHandSwordStance/DashBackward_SingleTwohandSwordAnim.uasset" 521
"../../../../../UnrealProyects/Juego_Fase1/Content/ModularRPGHeroesPolyart/Animations/TwoHandSwordStance/DashForward_SingleTwohandSwordAnim.uasset" 522
"../../../../../UnrealProyects/Juego_Fase1/Content/ModularRPGHeroesPolyart/Animations/TwoHandSwordStance/DashLeft_SingleTwohandSwordAnim.uasset" 523
"../../../../../UnrealProyects/Juego_Fase1/Content/ModularRPGHeroesPolyart/Animations/TwoHandSwordStance/DashRight_SingleTwohandSwordAnim.uasset" 524
"../../../../../UnrealProyects/Juego_Fase1/Content/ModularRPGHeroesPolyart/Animations/TwoHandSwordStance/DieRecover_SingleTwohandSwordAnim.uasset" 525
"../../../../../UnrealProyects/Juego_Fase1/Content/ModularRPGHeroesPolyart/Animations/TwoHandSwordStance/Die_SingleTwohandSwordAnim.uasset" 526
"../../../../../UnrealProyects/Juego_Fase1/Content/ModularRPGHeroesPolyart/Animations/TwoHandSwordStance/Dizzy_SingleTwohandSwordAnim.uasset" 527
"../../../../../UnrealProyects/Juego_Fase1/Content/ModularRPGHeroesPolyart/Animations/TwoHandSwordStance/EquipmentChange01_SingleTwohandSwordAnim.uasset" 528
"../../../../../UnrealProyects/Juego_Fase1/Content/ModularRPGHeroesPolyart/Animations/TwoHandSwordStance/EquipmentChange02_SingleTwohandSwordAnim.uasset" 529
"../../../../../UnrealProyects/Juego_Fase1/Content/ModularRPGHeroesPolyart/Animations/TwoHandSwordStance/GetHit_SingleTwohandSwordAnim.uasset" 530
"../../../../../UnrealProyects/Juego_Fase1/Content/ModularRPGHeroesPolyart/Animations/TwoHandSwordStance/Idle_SingleTwohandSwordAnim.uasset" 531
"../../../../../UnrealProyects/Juego_Fase1/Content/ModularRPGHeroesPolyart/Animations/TwoHandSwordStance/JumpAir_SingleTwohandSwordAnim.uasset" 532
"../../../../../UnrealProyects/Juego_Fase1/Content/ModularRPGHeroesPolyart/Animations/TwoHandSwordStance/JumpAttack_SingleTwohandSwordAnim.uasset" 533
"../../../../../UnrealProyects/Juego_Fase1/Content/ModularRPGHeroesPolyart/Animations/TwoHandSwordStance/JumpEnd_SingleTwohandSwordAnim.uasset" 534
"../../../../../UnrealProyects/Juego_Fase1/Content/ModularRPGHeroesPolyart/Animations/TwoHandSwordStance/JumpStart_SingleTwohandSwordAnim.uasset" 535
"../../../../../UnrealProyects/Juego_Fase1/Content/ModularRPGHeroesPolyart/Animations/TwoHandSwordStance/NormalAttack01_SingleTwohandSwordAnim.uasset" 536
"../../../../../UnrealProyects/Juego_Fase1/Content/ModularRPGHeroesPolyart/Animations/TwoHandSwordStance/NormalAttack02_SingleTwohandSwordAnim.uasset" 537
"../../../../../UnrealProyects/Juego_Fase1/Content/ModularRPGHeroesPolyart/Animations/TwoHandSwordStance/RollBack_SingleTwohandSword.uasset" 538
"../../../../../UnrealProyects/Juego_Fase1/Content/ModularRPGHeroesPolyart/Animations/TwoHandSwordStance/RollLeft_SingleTwohandSword.uasset" 539
"../../../../../UnrealProyects/Juego_Fase1/Content/ModularRPGHeroesPolyart/Animations/TwoHandSwordStance/RollRight_SingleTwohandSword.uasset" 540
"../../../../../UnrealProyects/Juego_Fase1/Content/ModularRPGHeroesPolyart/Animations/TwoHandSwordStance/Roll_SingleTwohandSwordAnim.uasset" 541
"../../../../../UnrealProyects/Juego_Fase1/Content/ModularRPGHeroesPolyart/Animations/TwoHandSwordStance/Roll_SingleTwohandSword_RMAnim.uasset" 542
"../../../../../UnrealProyects/Juego_Fase1/Content/ModularRPGHeroesPolyart/Animations/TwoHandSwordStance/RunBack_SingleTwohandSwordAnim.uasset" 543
"../../../../../UnrealProyects/Juego_Fase1/Content/ModularRPGHeroesPolyart/Animations/TwoHandSwordStance/Run_SingleTwohandSwordAnim.uasset" 544
"../../../../../UnrealProyects/Juego_Fase1/Content/ModularRPGHeroesPolyart/Animations/TwoHandSwordStance/Slide_SingleTwohandSwordAnim.uasset" 545
"../../../../../UnrealProyects/Juego_Fase1/Content/ModularRPGHeroesPolyart/Animations/TwoHandSwordStance/Sprint_SingleTwohandSwordAnim.uasset" 546
"../../../../../UnrealProyects/Juego_Fase1/Content/ModularRPGHeroesPolyart/Animations/TwoHandSwordStance/VictoryMaintain_SingleTwohandSwordAnim.uasset" 547
"../../../../../UnrealProyects/Juego_Fase1/Content/ModularRPGHeroesPolyart/Animations/TwoHandSwordStance/Victory_SingleTwohandSwordAnim.uasset" 548
"../../../../../UnrealProyects/Juego_Fase1/Content/ModularRPGHeroesPolyart/Animations/TwoHandSwordStance/WalkBack_SingleTwohandSwordAnim.uasset" 549
"../../../../../UnrealProyects/Juego_Fase1/Content/ModularRPGHeroesPolyart/Animations/TwoHandSwordStance/WalkLeft_SingleTwohandSwordAnim.uasset" 550
"../../../../../UnrealProyects/Juego_Fase1/Content/ModularRPGHeroesPolyart/Animations/TwoHandSwordStance/WalkRight_SingleTwohandSwordAnim.uasset" 551
"../../../../../UnrealProyects/Juego_Fase1/Content/ModularRPGHeroesPolyart/Animations/TwoHandSwordStance/Walk_SingleTwohandSwordAnim.uasset" 552
"../../../../../UnrealProyects/Juego_Fase1/Content/ModularRPGHeroesPolyart/Textures/PolyArtTex.uasset" 553
"../../../../../UnrealProyects/Juego_Fase1/Content/ModularRPGHeroesPolyart/Materials/PolyartMat.uasset" 554
"../../../../../UnrealProyects/Juego_Fase1/Content/ModularRPGHeroesPolyart/Meshes/ModularBodyParts/Belt01SK.uasset" 555
"../../../../../UnrealProyects/Juego_Fase1/Content/ModularRPGHeroesPolyart/Meshes/ModularBodyParts/Belt02SK.uasset" 556
"../../../../../UnrealProyects/Juego_Fase1/Content/ModularRPGHeroesPolyart/Meshes/ModularBodyParts/Belt03SK.uasset" 557
"../../../../../UnrealProyects/Juego_Fase1/Content/ModularRPGHeroesPolyart/Meshes/RPGHeroes_PhysicsAsset.uasset" 558
"../../../../../UnrealProyects/Juego_Fase1/Content/ModularRPGHeroesPolyart/Meshes/ModularBodyParts/Cloth01SK.uasset" 559
"../../../../../UnrealProyects/Juego_Fase1/Content/ModularRPGHeroesPolyart/Meshes/ModularBodyParts/Cloth02SK.uasset" 560
"../../../../../UnrealProyects/Juego_Fase1/Content/ModularRPGHeroesPolyart/Meshes/ModularBodyParts/Cloth03SK.uasset" 561
"../../../../../UnrealProyects/Juego_Fase1/Content/ModularRPGHeroesPolyart/Meshes/ModularBodyParts/Cloth04SK.uasset" 562
"../../../../../UnrealProyects/Juego_Fase1/Content/ModularRPGHeroesPolyart/Meshes/ModularBodyParts/Cloth05SK.uasset" 563
"../../../../../UnrealProyects/Juego_Fase1/Content/ModularRPGHeroesPolyart/Meshes/ModularBodyParts/Cloth06SK.uasset" 564
"../../../../../UnrealProyects/Juego_Fase1/Content/ModularRPGHeroesPolyart/Meshes/ModularBodyParts/Cloth07SK.uasset" 565
"../../../../../UnrealProyects/Juego_Fase1/Content/ModularRPGHeroesPolyart/Meshes/ModularBodyParts/Crown01SK.uasset" 566
"../../../../../UnrealProyects/Juego_Fase1/Content/ModularRPGHeroesPolyart/Meshes/ModularBodyParts/Crown02SK.uasset" 567
"../../../../../UnrealProyects/Juego_Fase1/Content/ModularRPGHeroesPolyart/Meshes/ModularBodyParts/Crown03SK.uasset" 568
"../../../../../UnrealProyects/Juego_Fase1/Content/ModularRPGHeroesPolyart/Meshes/ModularBodyParts/Crown04SK.uasset" 569
"../../../../../UnrealProyects/Juego_Fase1/Content/ModularRPGHeroesPolyart/Meshes/ModularBodyParts/Face01SK.uasset" 570
"../../../../../UnrealProyects/Juego_Fase1/Content/ModularRPGHeroesPolyart/Meshes/ModularBodyParts/Face02SK.uasset" 571
"../../../../../UnrealProyects/Juego_Fase1/Content/ModularRPGHeroesPolyart/Meshes/ModularBodyParts/Face03SK.uasset" 572
"../../../../../UnrealProyects/Juego_Fase1/Content/ModularRPGHeroesPolyart/Meshes/ModularBodyParts/Face04SK.uasset" 573
"../../../../../UnrealProyects/Juego_Fase1/Content/ModularRPGHeroesPolyart/Meshes/ModularBodyParts/Glove01SK.uasset" 574
"../../../../../UnrealProyects/Juego_Fase1/Content/ModularRPGHeroesPolyart/Meshes/ModularBodyParts/Glove02SK.uasset" 575
"../../../../../UnrealProyects/Juego_Fase1/Content/ModularRPGHeroesPolyart/Meshes/ModularBodyParts/Glove03SK.uasset" 576
"../../../../../UnrealProyects/Juego_Fase1/Content/ModularRPGHeroesPolyart/Meshes/ModularBodyParts/Glove04SK.uasset" 577
"../../../../../UnrealProyects/Juego_Fase1/Content/ModularRPGHeroesPolyart/Meshes/ModularBodyParts/Glove05SK.uasset" 578
"../../../../../UnrealProyects/Juego_Fase1/Content/ModularRPGHeroesPolyart/Meshes/ModularBodyParts/Glove06SK.uasset" 579
"../../../../../UnrealProyects/Juego_Fase1/Content/ModularRPGHeroesPolyart/Meshes/ModularBodyParts/Hair01HalfSK.uasset" 580
"../../../../../UnrealProyects/Juego_Fase1/Content/ModularRPGHeroesPolyart/Meshes/ModularBodyParts/Hair01SK.uasset" 581
"../../../../../UnrealProyects/Juego_Fase1/Content/ModularRPGHeroesPolyart/Meshes/ModularBodyParts/Hair02HalfSK.uasset" 582
"../../../../../UnrealProyects/Juego_Fase1/Content/ModularRPGHeroesPolyart/Meshes/ModularBodyParts/Hair02SK.uasset" 583
"../../../../../UnrealProyects/Juego_Fase1/Content/ModularRPGHeroesPolyart/Meshes/ModularBodyParts/Hair03HalfSK.uasset" 584
"../../../../../UnrealProyects/Juego_Fase1/Content/ModularRPGHeroesPolyart/Meshes/ModularBodyParts/Hair03SK.uasset" 585
"../../../../../UnrealProyects/Juego_Fase1/Content/ModularRPGHeroesPolyart/Meshes/ModularBodyParts/Hair04HalfSK.uasset" 586
"../../../../../UnrealProyects/Juego_Fase1/Content/ModularRPGHeroesPolyart/Meshes/ModularBodyParts/Hair04SK.uasset" 587
"../../../../../UnrealProyects/Juego_Fase1/Content/ModularRPGHeroesPolyart/Meshes/ModularBodyParts/Hair05HalfSK.uasset" 588
"../../../../../UnrealProyects/Juego_Fase1/Content/ModularRPGHeroesPolyart/Meshes/ModularBodyParts/Hair05SK.uasset" 589
"../../../../../UnrealProyects/Juego_Fase1/Content/ModularRPGHeroesPolyart/Meshes/ModularBodyParts/Hat01SK.uasset" 590
"../../../../../UnrealProyects/Juego_Fase1/Content/ModularRPGHeroesPolyart/Meshes/ModularBodyParts/Hat02SK.uasset" 591
"../../../../../UnrealProyects/Juego_Fase1/Content/ModularRPGHeroesPolyart/Meshes/ModularBodyParts/Hat03SK.uasset" 592
"../../../../../UnrealProyects/Juego_Fase1/Content/ModularRPGHeroesPolyart/Meshes/ModularBodyParts/Helm01SK.uasset" 593
"../../../../../UnrealProyects/Juego_Fase1/Content/ModularRPGHeroesPolyart/Meshes/ModularBodyParts/Helm02SK.uasset" 594
"../../../../../UnrealProyects/Juego_Fase1/Content/ModularRPGHeroesPolyart/Meshes/ModularBodyParts/Helm03SK.uasset" 595
"../../../../../UnrealProyects/Juego_Fase1/Content/ModularRPGHeroesPolyart/Meshes/ModularBodyParts/Helm04SK.uasset" 596
"../../../../../UnrealProyects/Juego_Fase1/Content/ModularRPGHeroesPolyart/Meshes/ModularBodyParts/Helm05SK.uasset" 597
"../../../../../UnrealProyects/Juego_Fase1/Content/ModularRPGHeroesPolyart/Meshes/ModularBodyParts/Helm06SK.uasset" 598
"../../../../../UnrealProyects/Juego_Fase1/Content/ModularRPGHeroesPolyart/Meshes/ModularBodyParts/Helm07SK.uasset" 599
"../../../../../UnrealProyects/Juego_Fase1/Content/ModularRPGHeroesPolyart/Meshes/ModularBodyParts/Shoe01SK.uasset" 600
"../../../../../UnrealProyects/Juego_Fase1/Content/ModularRPGHeroesPolyart/Meshes/ModularBodyParts/Shoe02SK.uasset" 601
"../../../../../UnrealProyects/Juego_Fase1/Content/ModularRPGHeroesPolyart/Meshes/ModularBodyParts/Shoe03SK.uasset" 602
"../../../../../UnrealProyects/Juego_Fase1/Content/ModularRPGHeroesPolyart/Meshes/ModularBodyParts/Shoe04SK.uasset" 603
"../../../../../UnrealProyects/Juego_Fase1/Content/ModularRPGHeroesPolyart/Meshes/ModularBodyParts/Shoe05SK.uasset" 604
"../../../../../UnrealProyects/Juego_Fase1/Content/ModularRPGHeroesPolyart/Meshes/ModularBodyParts/Shoe06SK.uasset" 605
"../../../../../UnrealProyects/Juego_Fase1/Content/ModularRPGHeroesPolyart/Meshes/ModularBodyParts/ShoulderPad01SK.uasset" 606
"../../../../../UnrealProyects/Juego_Fase1/Content/ModularRPGHeroesPolyart/Meshes/ModularBodyParts/ShoulderPad02SK.uasset" 607
"../../../../../UnrealProyects/Juego_Fase1/Content/ModularRPGHeroesPolyart/Meshes/ModularBodyParts/ShoulderPad03SK.uasset" 608
"../../../../../UnrealProyects/Juego_Fase1/Content/ModularRPGHeroesPolyart/Meshes/ModularBodyParts/ShoulderPad04SK.uasset" 609
"../../../../../UnrealProyects/Juego_Fase1/Content/ModularRPGHeroesPolyart/Meshes/ModularBodyParts/ShoulderPad05SK.uasset" 610
"../../../../../UnrealProyects/Juego_Fase1/Content/ModularRPGHeroesPolyart/Meshes/ModularBodyParts/ShoulderPad06SK.uasset" 611
"../../../../../UnrealProyects/Juego_Fase1/Content/ModularRPGHeroesPolyart/Meshes/OneMeshCharacters/BattleMageSK.uasset" 612
"../../../../../UnrealProyects/Juego_Fase1/Content/ModularRPGHeroesPolyart/Meshes/OneMeshCharacters/CommonerSK.uasset" 613
"../../../../../UnrealProyects/Juego_Fase1/Content/ModularRPGHeroesPolyart/Meshes/OneMeshCharacters/CountSK.uasset" 614
"../../../../../UnrealProyects/Juego_Fase1/Content/ModularRPGHeroesPolyart/Meshes/OneMeshCharacters/DarkKnightSK.uasset" 615
"../../../../../UnrealProyects/Juego_Fase1/Content/ModularRPGHeroesPolyart/Meshes/OneMeshCharacters/DukeSK.uasset" 616
"../../../../../UnrealProyects/Juego_Fase1/Content/ModularRPGHeroesPolyart/Meshes/OneMeshCharacters/EliteSK.uasset" 617
"../../../../../UnrealProyects/Juego_Fase1/Content/ModularRPGHeroesPolyart/Meshes/OneMeshCharacters/EngineerSK.uasset" 618
"../../../../../UnrealProyects/Juego_Fase1/Content/ModularRPGHeroesPolyart/Meshes/OneMeshCharacters/ExecutionerSK.uasset" 619
"../../../../../UnrealProyects/Juego_Fase1/Content/ModularRPGHeroesPolyart/Meshes/OneMeshCharacters/FootmanSK.uasset" 620
"../../../../../UnrealProyects/Juego_Fase1/Content/ModularRPGHeroesPolyart/Meshes/OneMeshCharacters/HeavyKnightSK.uasset" 621
"../../../../../UnrealProyects/Juego_Fase1/Content/ModularRPGHeroesPolyart/Meshes/OneMeshCharacters/ImmortalSK.uasset" 622
"../../../../../UnrealProyects/Juego_Fase1/Content/ModularRPGHeroesPolyart/Meshes/OneMeshCharacters/IronMaskSK.uasset" 623
"../../../../../UnrealProyects/Juego_Fase1/Content/ModularRPGHeroesPolyart/Meshes/OneMeshCharacters/KnightSK.uasset" 624
"../../../../../UnrealProyects/Juego_Fase1/Content/ModularRPGHeroesPolyart/Meshes/OneMeshCharacters/MageSK.uasset" 625
"../../../../../UnrealProyects/Juego_Fase1/Content/ModularRPGHeroesPolyart/Meshes/OneMeshCharacters/PrinceSK.uasset" 626
"../../../../../UnrealProyects/Juego_Fase1/Content/ModularRPGHeroesPolyart/Meshes/OneMeshCharacters/ShinobiSK.uasset" 627
"../../../../../UnrealProyects/Juego_Fase1/Content/ModularRPGHeroesPolyart/Meshes/OneMeshCharacters/SoldierSK.uasset" 628
"../../../../../UnrealProyects/Juego_Fase1/Content/ModularRPGHeroesPolyart/Meshes/OneMeshCharacters/TemplarSK.uasset" 629
"../../../../../UnrealProyects/Juego_Fase1/Content/ModularRPGHeroesPolyart/Meshes/OneMeshCharacters/WarriorSK.uasset" 630
"../../../../../UnrealProyects/Juego_Fase1/Content/ModularRPGHeroesPolyart/Meshes/OneMeshCharacters/WizardSK.uasset" 631
"../../../../../UnrealProyects/Juego_Fase1/Content/Mannequin/Character/Mesh/UE4_Mannequin_Skeleton.uasset" 632
"../../../../../UnrealProyects/Juego_Fase1/Content/Mannequin/Animations/ThirdPerson_Jump.uasset" 633
"../../../../../UnrealProyects/Juego_Fase1/Content/Mannequin/Animations/ThirdPersonJump_Loop.uasset" 634
"../../../../../UnrealProyects/Juego_Fase1/Content/Mannequin/Animations/ThirdPersonJump_Start.uasset" 635
"../../../../../UnrealProyects/Juego_Fase1/Content/Mannequin/Animations/ThirdPersonIdle.uasset" 636
"../../../../../UnrealProyects/Juego_Fase1/Content/Mannequin/Animations/ThirdPersonRun.uasset" 637
"../../../../../UnrealProyects/Juego_Fase1/Content/Mannequin/Animations/ThirdPersonWalk.uasset" 638
"../../../../../UnrealProyects/Juego_Fase1/Content/Mannequin/Animations/ThirdPerson_IdleRun_2D.uasset" 639
"../../../../../UnrealProyects/Juego_Fase1/Content/Mannequin/Animations/ThirdPerson_AnimBP.uasset" 640
"../../../Engine/Content/Functions/Engine_MaterialFunctions02/Utility/BlendAngleCorrectedNormals.uasset" 641
"../../../Engine/Content/Functions/MaterialLayerFunctions/MatLayerBlend_NormalBlend.uasset" 642
"../../../Engine/Content/Functions/MaterialLayerFunctions/MatLayerBlend_Simple.uasset" 643
"../../../../../UnrealProyects/Juego_Fase1/Content/Mannequin/Character/Materials/MaterialLayers/T_ML_Rubber_Blue_01_D.uasset" 644
"../../../../../UnrealProyects/Juego_Fase1/Content/Mannequin/Character/Materials/MaterialLayers/T_ML_Rubber_Blue_01_N.uasset" 645
"../../../../../UnrealProyects/Juego_Fase1/Content/Mannequin/Character/Materials/MaterialLayers/ML_GlossyBlack_Latex_UE4.uasset" 646
"../../../../../UnrealProyects/Juego_Fase1/Content/Mannequin/Character/Materials/MaterialLayers/ML_Plastic_Shiny_Beige.uasset" 647
"../../../../../UnrealProyects/Juego_Fase1/Content/Mannequin/Character/Textures/UE4_LOGO_CARD.uasset" 648
"../../../../../UnrealProyects/Juego_Fase1/Content/Mannequin/Character/Materials/MaterialLayers/ML_Plastic_Shiny_Beige_LOGO.uasset" 649
"../../../../../UnrealProyects/Juego_Fase1/Content/Mannequin/Character/Materials/MaterialLayers/T_ML_Aluminum01.uasset" 650
"../../../../../UnrealProyects/Juego_Fase1/Content/Mannequin/Character/Materials/MaterialLayers/T_ML_Aluminum01_N.uasset" 651
"../../../../../UnrealProyects/Juego_Fase1/Content/Mannequin/Character/Materials/MaterialLayers/ML_SoftMetal_UE4.uasset" 652
"../../../../../UnrealProyects/Juego_Fase1/Content/Mannequin/Character/Textures/UE4_Mannequin__normals.uasset" 653
"../../../../../UnrealProyects/Juego_Fase1/Content/Mannequin/Character/Textures/UE4_Mannequin_MAT_MASKA.uasset" 654
"../../../../../UnrealProyects/Juego_Fase1/Content/Mannequin/Character/Materials/M_UE4Man_Body.uasset" 655
"../../../../../UnrealProyects/Juego_Fase1/Content/Mannequin/Character/Textures/UE4Man_Logo_N.uasset" 656
"../../../../../UnrealProyects/Juego_Fase1/Content/Mannequin/Character/Materials/M_UE4Man_ChestLogo.uasset" 657
"../../../../../UnrealProyects/Juego_Fase1/Content/Mannequin/Character/Mesh/SK_Mannequin_PhysicsAsset.uasset" 658
"../../../../../UnrealProyects/Juego_Fase1/Content/Mannequin/Character/Mesh/SK_Mannequin.uasset" 659
"../../../../../UnrealProyects/Juego_Fase1/Content/ThirdPersonCPP/Blueprints/ThirdPersonCharacter.uasset" 660
"../../../../../UnrealProyects/Juego_Fase1/Content/ModularRPGHeroesPolyart/Animations/NoWeaponStance/JumpAir_noWeaponAnim.uasset" 661
"../../../../../UnrealProyects/Juego_Fase1/Content/ModularRPGHeroesPolyart/Animations/NoWeaponStance/JumpEnd_noWeaponAnim.uasset" 662
"../../../../../UnrealProyects/Juego_Fase1/Content/ModularRPGHeroesPolyart/Animations/NoWeaponStance/NormalRun_noWeaponAnim.uasset" 663
"../../../../../UnrealProyects/Juego_Fase1/Content/ModularRPGHeroesPolyart/Animations/NoWeaponStance/NormalSprint_noWeaponAnim.uasset" 664
"../../../../../UnrealProyects/Juego_Fase1/Content/ModularRPGHeroesPolyart/Animations/NoWeaponStance/NormalWalk_noWeaponAnim.uasset" 665
"../../../../../UnrealProyects/Juego_Fase1/Content/ModularRPGHeroesPolyart/Animations/NoWeaponStance/StandingIdle_noWeaponAnim.uasset" 666
"../../../../../UnrealProyects/Juego_Fase1/Content/Personaje/ModularRPGHeroes_pace1D.uasset" 667
"../../../../../UnrealProyects/Juego_Fase1/Content/Personaje/NoWeaponStance_BP.uasset" 668
"../../../../../UnrealProyects/Juego_Fase1/Content/ModularRPGHeroesPolyart/Animations/SwordAndShieldStance/Idle_SwordShieldAnim.uasset" 669
"../../../../../UnrealProyects/Juego_Fase1/Content/ModularRPGHeroesPolyart/Meshes/OneMeshCharacters/ApprenticeSK.uasset" 670
"../../../../../UnrealProyects/Juego_Fase1/Content/ModularRPGHeroesPolyart/Meshes/Weapons/Shield01SM.uasset" 671
"../../../../../UnrealProyects/Juego_Fase1/Content/ModularRPGHeroesPolyart/Meshes/Weapons/Sword02SM.uasset" 672
"../../../../../UnrealProyects/Juego_Fase1/Content/Personaje/Personaje_basicoBP.uasset" 673
"../../../../../UnrealProyects/Juego_Fase1/Content/UserInterface/GameModo_Sleccion.uasset" 674
"../../Plugins/2D/Paper2D/Content/PlaceholderTextures/DummySpriteTexture.uasset" 675
"../../Plugins/2D/Paper2D/Content/DummySprite.uasset" 676
"../../Plugins/2D/Paper2D/Content/DefaultPaperTerrainMaterial.uasset" 677
"../../Plugins/2D/Paper2D/Content/DefaultSpriteMaterial.uasset" 678
"../../Plugins/2D/Paper2D/Content/MaskedUnlitSpriteMaterial.uasset" 679
"../../Plugins/2D/Paper2D/Content/OpaqueUnlitSpriteMaterial.uasset" 680
"../../Plugins/Enterprise/DatasmithContent/Content/Blueprints/FBXImporter/ArrayOfActor.uasset" 681
"../../Plugins/Enterprise/DatasmithContent/Content/Blueprints/FBXImporter/ArrayOfSwitch.uasset" 682
"../../Plugins/Enterprise/DatasmithContent/Content/Blueprints/FBXImporter/BP_SceneNode.uasset" 683
"../../Plugins/Enterprise/DatasmithContent/Content/Blueprints/FBXImporter/BP_Switch.uasset" 684
"../../Plugins/Enterprise/DatasmithContent/Content/Blueprints/FBXImporter/BP_SceneRoot.uasset" 685
"../../Plugins/Enterprise/DatasmithContent/Content/Blueprints/FBXImporter/FBXImporterUtils.uasset" 686
"../../Plugins/Enterprise/DatasmithContent/Content/Blueprints/FBXImporter/Animation/DeltaGenAnimationTrackType.uasset" 687
"../../Plugins/Enterprise/DatasmithContent/Content/Blueprints/FBXImporter/Animation/VREDAnimationTrackComponent.uasset" 688
"../../Plugins/Enterprise/DatasmithContent/Content/Blueprints/FBXImporter/Animation/VREDAnimationTrackType.uasset" 689
"../../Plugins/Enterprise/DatasmithContent/Content/Blueprints/FBXImporter/Animation/VREDAnimCurveComponent.uasset" 690
"../../Plugins/Enterprise/DatasmithContent/Content/Blueprints/FBXImporter/Animation/VREDAnimCurveType.uasset" 691
"../../Plugins/Enterprise/DatasmithContent/Content/Blueprints/FBXImporter/Variants/VariantSwitchType.uasset" 692
"../../Plugins/Enterprise/DatasmithContent/Content/Blueprints/FBXImporter/Variants/VREDVariantSwitchType.uasset" 693
"../../Plugins/Enterprise/DatasmithContent/Content/Blueprints/FBXImporter/Variants/VREDVariantType.uasset" 694
"../../Plugins/Runtime/Oculus/OculusVR/Content/OculusMR_RenderTarget.uasset" 695
"../../../Engine/Content/Functions/Engine_MaterialFunctions02/Utility/BreakOutFloat4Components.uasset" 696
"../../Plugins/Runtime/Oculus/OculusVR/Content/Materials/OculusMR_ChromaKey.uasset" 697
"../../Plugins/Runtime/Oculus/OculusVR/Content/Materials/OculusMR_ChromaKey_Lit.uasset" 698
"../../Plugins/Runtime/Oculus/OculusVR/Content/Materials/OculusMR_OpaqueColoredMaterial.uasset" 699
"../../Plugins/Runtime/Oculus/OculusVR/Content/Materials/OculusMR_WhiteMaterial.uasset" 700
"../../Plugins/Runtime/Oculus/OculusVR/Content/Materials/PokeAHoleMaterial.uasset" 701
"../../Plugins/Runtime/Oculus/OculusVR/Content/Textures/GearVRController_AO.uasset" 702
"../../Plugins/Runtime/Oculus/OculusVR/Content/Textures/GearVRController_Color.uasset" 703
"../../Plugins/Runtime/Oculus/OculusVR/Content/Textures/GearVRController_Normal.uasset" 704
"../../Plugins/Runtime/Oculus/OculusVR/Content/Materials/GearVRControllerMaterial.uasset" 705
"../../Plugins/Runtime/Oculus/OculusVR/Content/Meshes/GearVrController.uasset" 706
"../../Plugins/Runtime/Oculus/OculusVR/Content/Textures/touchController_albedo.uasset" 707
"../../Plugins/Runtime/Oculus/OculusVR/Content/Textures/touchController_controlmap.uasset" 708
"../../Plugins/Runtime/Oculus/OculusVR/Content/Materials/touchController_mat.uasset" 709
"../../Plugins/Runtime/Oculus/OculusVR/Content/Meshes/LeftTouchController.uasset" 710
"../../Plugins/Runtime/Oculus/OculusVR/Content/Meshes/RiftHMD.uasset" 711
"../../Plugins/Runtime/Oculus/OculusVR/Content/Meshes/RightTouchController.uasset" 712
"../../../Engine/Content/Maps/Entry_BuiltData.uasset" 713
"../../../Engine/Content/Maps/Entry.umap" 714
"../../../Engine/Content/EngineSky/C_Sky_Cloud_Color.uasset" 715
"../../../Engine/Content/EngineSky/C_Sky_Horizon_Color.uasset" 716
"../../../Engine/Content/EngineSky/C_Sky_Zenith_Color.uasset" 717
"../../../Engine/Content/EngineSky/T_Sky_Blue.uasset" 718
"../../../Engine/Content/EngineSky/T_Sky_Clouds_M.uasset" 719
"../../../Engine/Content/EngineSky/T_Sky_Stars.uasset" 720
"../../../Engine/Content/EngineSky/M_Sky_Panning_Clouds2.uasset" 721
"../../../Engine/Content/EngineSky/SM_SkySphere.uasset" 722
"../../../Engine/Content/EngineSky/BP_Sky_Sphere.uasset" 723
"../../../../../UnrealProyects/Juego_Fase1/Content/Platformer/Textures/Pl_plastic_n.uasset" 724
"../../../../../UnrealProyects/Juego_Fase1/Content/Platformer/Textures/Pl_plastic_r.uasset" 725
"../../../../../UnrealProyects/Juego_Fase1/Content/Platformer/Materials/M_Metal_Black_Parent.uasset" 726
"../../../../../UnrealProyects/Juego_Fase1/Content/Platformer/Materials/M_Metal_Gold_Instance.uasset" 727
"../../../../../UnrealProyects/Juego_Fase1/Content/Platformer/Meshes/Pl_Coin_01.uasset" 728
"../../../../../UnrealProyects/Juego_Fase1/Content/Platformer/Blueprints/Pl_Coin_01.uasset" 729
"../../../../../UnrealProyects/Juego_Fase1/Content/Platformer/Materials/M_Metal_Red_Instance.uasset" 730
"../../../../../UnrealProyects/Juego_Fase1/Content/Platformer/Meshes/Pl_Coin_02.uasset" 731
"../../../../../UnrealProyects/Juego_Fase1/Content/Platformer/Blueprints/Pl_Coin_02.uasset" 732
"../../../../../UnrealProyects/Juego_Fase1/Content/Platformer/Meshes/Pl_PowerUp_01.uasset" 733
"../../../../../UnrealProyects/Juego_Fase1/Content/Platformer/Blueprints/Pl_PowerUp_01.uasset" 734
"../../../../../UnrealProyects/Juego_Fase1/Content/Platformer/Materials/M_Plastic_black_Parent.uasset" 735
"../../../../../UnrealProyects/Juego_Fase1/Content/Platformer/Materials/M_Plastic_Red_Inst.uasset" 736
"../../../../../UnrealProyects/Juego_Fase1/Content/Platformer/Materials/M_Plastic_White_Inst.uasset" 737
"../../../../../UnrealProyects/Juego_Fase1/Content/Platformer/Materials/M_Plastic_Yellow_Inst.uasset" 738
"../../../../../UnrealProyects/Juego_Fase1/Content/Platformer/Meshes/Pl_PowerUp_02.uasset" 739
"../../../../../UnrealProyects/Juego_Fase1/Content/Platformer/Blueprints/Pl_PowerUp_02.uasset" 740
"../../../../../UnrealProyects/Juego_Fase1/Content/Platformer/Meshes/Pl_PowerUp_03.uasset" 741
"../../../../../UnrealProyects/Juego_Fase1/Content/Platformer/Blueprints/Pl_PowerUp_03.uasset" 742
"../../../../../UnrealProyects/Juego_Fase1/Content/Platformer/Meshes/Pl_PowerUp_04.uasset" 743
"../../../../../UnrealProyects/Juego_Fase1/Content/Platformer/Blueprints/Pl_PowerUp_04.uasset" 744
"../../../../../UnrealProyects/Juego_Fase1/Content/Platformer/Meshes/Pl_PowerUp_05.uasset" 745
"../../../../../UnrealProyects/Juego_Fase1/Content/Platformer/Blueprints/Pl_PowerUp_05.uasset" 746
"../../../../../UnrealProyects/Juego_Fase1/Content/Platformer/Meshes/Pl_PowerUp_06.uasset" 747
"../../../../../UnrealProyects/Juego_Fase1/Content/Platformer/Blueprints/Pl_PowerUp_06.uasset" 748
"../../../../../UnrealProyects/Juego_Fase1/Content/Menu_Assets/1080normal.uasset" 749
"../../../../../UnrealProyects/Juego_Fase1/Content/Menu_Assets/640Normal.uasset" 750
"../../../../../UnrealProyects/Juego_Fase1/Content/Menu_Assets/720Normal.uasset" 751
"../../../../../UnrealProyects/Juego_Fase1/Content/Menu_Assets/MainMenuNormal.uasset" 752
"../../../../../UnrealProyects/Juego_Fase1/Content/Menu_Assets/OptionsNormal.uasset" 753
"../../../../../UnrealProyects/Juego_Fase1/Content/Menu_Assets/QuitGameNormal.uasset" 754
"../../../../../UnrealProyects/Juego_Fase1/Content/Menu_Assets/StartGameNormal.uasset" 755
"../../../../../UnrealProyects/Juego_Fase1/Content/UserInterface/Menu_CreationCharacter.uasset" 756
"../../../../../UnrealProyects/Juego_Fase1/Content/UserInterface/MainMenu_Widget.uasset" 757
"../../../../../UnrealProyects/Juego_Fase1/Content/UserInterface/MainMenu_HUD.uasset" 758
"../../../../../UnrealProyects/Juego_Fase1/Content/UserInterface/GameMode_MainMenu.uasset" 759
"../../../../../UnrealProyects/Juego_Fase1/Content/Cinematics/Sequences/Setup_A/CameraActor4/CameraActor4_Setup_A_001.uasset" 760
"../../../../../UnrealProyects/Juego_Fase1/Content/Cinematics/Sequences/Setup_A/Setup_A.uasset" 761
"../../../../../UnrealProyects/Juego_Fase1/Content/Platformer/Textures/Pl_Grass_d.uasset" 762
"../../../../../UnrealProyects/Juego_Fase1/Content/Platformer/Textures/Pl_Grass_n.uasset" 763
"../../../../../UnrealProyects/Juego_Fase1/Content/Platformer/Textures/Pl_Grass_r.uasset" 764
"../../../../../UnrealProyects/Juego_Fase1/Content/Platformer/Textures/Pl_Patterns_m.uasset" 765
"../../../../../UnrealProyects/Juego_Fase1/Content/Platformer/Materials/M_Grass.uasset" 766
"../../../../../UnrealProyects/Juego_Fase1/Content/Platformer/Materials/M_Grass_nopattern.uasset" 767
"../../../../../UnrealProyects/Juego_Fase1/Content/Platformer/Materials/M_Plastic_Blue_Pattern_Parent.uasset" 768
"../../../Engine/Content/Functions/Engine_MaterialFunctions01/Gradient/LinearGradient.uasset" 769
"../../../Engine/Content/Functions/Engine_MaterialFunctions01/ImageAdjustment/CheapContrast.uasset" 770
"../../../../../UnrealProyects/Juego_Fase1/Content/Platformer/Textures/pl_wood_d.uasset" 771
"../../../../../UnrealProyects/Juego_Fase1/Content/Platformer/Textures/pl_wood_n.uasset" 772
"../../../../../UnrealProyects/Juego_Fase1/Content/Platformer/Textures/pl_wood_r.uasset" 773
"../../../../../UnrealProyects/Juego_Fase1/Content/Platformer/Materials/M_Wood_Dark_Parent.uasset" 774
"../../../../../UnrealProyects/Juego_Fase1/Content/Platformer/Materials/M_Plastic_blue_Inst.uasset" 775
"../../../../../UnrealProyects/Juego_Fase1/Content/Platformer/Materials/M_Plastic_Green_Inst.uasset" 776
"../../../../../UnrealProyects/Juego_Fase1/Content/Platformer/Materials/M_Plastic_Green_Pattern_Inst.uasset" 777
"../../../../../UnrealProyects/Juego_Fase1/Content/Platformer/Materials/M_Plastic_Orange_Inst.uasset" 778
"../../../../../UnrealProyects/Juego_Fase1/Content/Platformer/Materials/M_Plastic_Orange_Pattern_Inst.uasset" 779
"../../../../../UnrealProyects/Juego_Fase1/Content/Platformer/Materials/M_Wood_White_Instance.uasset" 780
"../../../Engine/Content/Functions/Engine_MaterialFunctions03/ComplexMotion/Motion_4WayChaos.uasset" 781
"../../../Engine/Content/Engine_MI_Shaders/T_Base_Tile_Normal.uasset" 782
"../../../Engine/Content/Functions/Engine_MaterialFunctions03/ComplexMotion/Motion_4WayChaos_Normal.uasset" 783
"../../../Engine/Content/MapTemplates/Sky/DaylightAmbientCubemap.uasset" 784
"../../../../../UnrealProyects/Juego_Fase1/Content/Platformer/Ocean/Textures/T_LargeWaves_H.uasset" 785
"../../../../../UnrealProyects/Juego_Fase1/Content/Platformer/Ocean/Textures/T_LargeWaves_N.uasset" 786
"../../../../../UnrealProyects/Juego_Fase1/Content/Platformer/Ocean/Textures/T_Seafoam_01.uasset" 787
"../../../../../UnrealProyects/Juego_Fase1/Content/Platformer/Ocean/Textures/T_SmallWaves_N.uasset" 788
"../../../../../UnrealProyects/Juego_Fase1/Content/Platformer/Ocean/Materials/M_OceanWater_1.uasset" 789
"../../../Engine/Content/MapTemplates/Sky/Desert_Outer_HDR.uasset" 790
"../../../../../UnrealProyects/Juego_Fase1/Content/Platformer/Ocean/Materials/M_OceanWater_1_Inst.uasset" 791
"../../../../../UnrealProyects/Juego_Fase1/Content/Platformer/Textures/BeanStalks_Textures/Pl_Leaf_01_d.uasset" 792
"../../../../../UnrealProyects/Juego_Fase1/Content/Platformer/Textures/BeanStalks_Textures/Pl_Leaf_01_n.uasset" 793
"../../../../../UnrealProyects/Juego_Fase1/Content/Platformer/Textures/BeanStalks_Textures/Pl_Leaf_01_r.uasset" 794
"../../../../../UnrealProyects/Juego_Fase1/Content/Platformer/Materials/BeanStalks_Materials/M_Leaf.uasset" 795
"../../../../../UnrealProyects/Juego_Fase1/Content/Platformer/Meshes/Beanstalks/Pl_Leaf_01.uasset" 796
"../../../../../UnrealProyects/Juego_Fase1/Content/Platformer/Meshes/Beanstalks/Pl_Leaf_02.uasset" 797
"../../../../../UnrealProyects/Juego_Fase1/Content/Platformer/Meshes/Beanstalks/Pl_Leaf_03.uasset" 798
"../../../../../UnrealProyects/Juego_Fase1/Content/Platformer/Meshes/Beanstalks/Pl_Leaf_04.uasset" 799
"../../../../../UnrealProyects/Juego_Fase1/Content/Platformer/Meshes/Beanstalks/Pl_Leaf_05.uasset" 800
"../../../../../UnrealProyects/Juego_Fase1/Content/Platformer/Textures/BeanStalks_Textures/Pl_BeanStalk_d.uasset" 801
"../../../../../UnrealProyects/Juego_Fase1/Content/Platformer/Textures/BeanStalks_Textures/Pl_BeanStalk_n.uasset" 802
"../../../../../UnrealProyects/Juego_Fase1/Content/Platformer/Textures/BeanStalks_Textures/Pl_BeanStalk_r.uasset" 803
"../../../../../UnrealProyects/Juego_Fase1/Content/Platformer/Materials/BeanStalks_Materials/M_BeanStalk.uasset" 804
"../../../../../UnrealProyects/Juego_Fase1/Content/Platformer/Meshes/Beanstalks/Pl_stalkbase_01.uasset" 805
"../../../../../UnrealProyects/Juego_Fase1/Content/Platformer/Meshes/Beanstalks/Pl_stalkbend_01.uasset" 806
"../../../../../UnrealProyects/Juego_Fase1/Content/Platformer/Meshes/Beanstalks/Pl_stalkcurve_01.uasset" 807
"../../../../../UnrealProyects/Juego_Fase1/Content/Platformer/Meshes/Beanstalks/Pl_stalkend_02.uasset" 808
"../../../../../UnrealProyects/Juego_Fase1/Content/Platformer/Meshes/Beanstalks/Pl_stalkend_03.uasset" 809
"../../../../../UnrealProyects/Juego_Fase1/Content/Platformer/Textures/BeanStalks_Textures/Pl_StoneBlock_d.uasset" 810
"../../../../../UnrealProyects/Juego_Fase1/Content/Platformer/Textures/BeanStalks_Textures/Pl_StoneBlock_n.uasset" 811
"../../../../../UnrealProyects/Juego_Fase1/Content/Platformer/Textures/BeanStalks_Textures/Pl_StoneBlock_r.uasset" 812
"../../../../../UnrealProyects/Juego_Fase1/Content/Platformer/Materials/BeanStalks_Materials/M_StoneBlock.uasset" 813
"../../../../../UnrealProyects/Juego_Fase1/Content/Platformer/Meshes/Beanstalks/Pl_StoneBlock_01.uasset" 814
"../../../../../UnrealProyects/Juego_Fase1/Content/Platformer/Meshes/Beanstalks/Pl_StoneBlock_02.uasset" 815
"../../../../../UnrealProyects/Juego_Fase1/Content/Platformer/Meshes/Beanstalks/Pl_StoneBlock_03.uasset" 816
"../../../../../UnrealProyects/Juego_Fase1/Content/Platformer/Meshes/Beanstalks/Pl_StoneBlock_04.uasset" 817
"../../../../../UnrealProyects/Juego_Fase1/Content/Platformer/Meshes/Beanstalks/Pl_StoneBlock_05.uasset" 818
"../../../../../UnrealProyects/Juego_Fase1/Content/Platformer/Meshes/Beanstalks/Pl_vine_01.uasset" 819
"../../../../../UnrealProyects/Juego_Fase1/Content/Platformer/Meshes/Beanstalks/Pl_vine_02.uasset" 820
"../../../../../UnrealProyects/Juego_Fase1/Content/Platformer/Meshes/Beanstalks/Pl_vine_03.uasset" 821
"../../../../../UnrealProyects/Juego_Fase1/Content/Platformer/Meshes/Beanstalks/Pl_vine_04.uasset" 822
"../../../../../UnrealProyects/Juego_Fase1/Content/Platformer/Meshes/Beanstalks/Pl_vine_05.uasset" 823
"../../../../../UnrealProyects/Juego_Fase1/Content/Platformer/Textures/Pl_Grass_trim_d.uasset" 824
"../../../../../UnrealProyects/Juego_Fase1/Content/Platformer/Textures/Pl_Grass_trim_n.uasset" 825
"../../../../../UnrealProyects/Juego_Fase1/Content/Platformer/Textures/Pl_Grass_trim_r.uasset" 826
"../../../../../UnrealProyects/Juego_Fase1/Content/Platformer/Materials/M_GrassTrim.uasset" 827
"../../../../../UnrealProyects/Juego_Fase1/Content/Platformer/Meshes/Pl_16m_gtrim_01.uasset" 828
"../../../../../UnrealProyects/Juego_Fase1/Content/Platformer/Textures/Pl_Cliff_d.uasset" 829
"../../../../../UnrealProyects/Juego_Fase1/Content/Platformer/Textures/Pl_Cliff_n.uasset" 830
"../../../../../UnrealProyects/Juego_Fase1/Content/Platformer/Textures/Pl_Cliff_r.uasset" 831
"../../../../../UnrealProyects/Juego_Fase1/Content/Platformer/Materials/M_Cliff.uasset" 832
"../../../../../UnrealProyects/Juego_Fase1/Content/Platformer/Meshes/Pl_16m_Platform.uasset" 833
"../../../../../UnrealProyects/Juego_Fase1/Content/Platformer/Meshes/Pl_16m_Platform_ext.uasset" 834
"../../../../../UnrealProyects/Juego_Fase1/Content/Platformer/Meshes/Pl_1m_grassblock.uasset" 835
"../../../../../UnrealProyects/Juego_Fase1/Content/Platformer/Meshes/Pl_2m_grassblock.uasset" 836
"../../../../../UnrealProyects/Juego_Fase1/Content/Platformer/Meshes/Pl_4m_gtrim_01.uasset" 837
"../../../../../UnrealProyects/Juego_Fase1/Content/Platformer/Meshes/Pl_4m_Platform.uasset" 838
"../../../../../UnrealProyects/Juego_Fase1/Content/Platformer/Meshes/Pl_4m_Platform_ext.uasset" 839
"../../../../../UnrealProyects/Juego_Fase1/Content/Platformer/Meshes/Pl_8m_gtrim_01.uasset" 840
"../../../../../UnrealProyects/Juego_Fase1/Content/Platformer/Meshes/Pl_8m_Gtrim_Hrnd_01.uasset" 841
"../../../../../UnrealProyects/Juego_Fase1/Content/Platformer/Meshes/Pl_8m_gtrim_rnd_01.uasset" 842
"../../../../../UnrealProyects/Juego_Fase1/Content/Platformer/Meshes/Pl_8m_Hill.uasset" 843
"../../../../../UnrealProyects/Juego_Fase1/Content/Platformer/Meshes/Pl_8m_Platform.uasset" 844
"../../../../../UnrealProyects/Juego_Fase1/Content/Platformer/Meshes/Pl_8m_Platform_crn.uasset" 845
"../../../../../UnrealProyects/Juego_Fase1/Content/Platformer/Meshes/Pl_8m_Platform_crn_ext.uasset" 846
"../../../../../UnrealProyects/Juego_Fase1/Content/Platformer/Meshes/Pl_8m_Platform_ext.uasset" 847
"../../../../../UnrealProyects/Juego_Fase1/Content/Platformer/Meshes/Pl_8m_Platform_Hrnd.uasset" 848
"../../../../../UnrealProyects/Juego_Fase1/Content/Platformer/Meshes/Pl_8m_Platform_Hrnd_ext.uasset" 849
"../../../../../UnrealProyects/Juego_Fase1/Content/Platformer/Meshes/Pl_8m_Platform_L.uasset" 850
"../../../../../UnrealProyects/Juego_Fase1/Content/Platformer/Meshes/Pl_8m_Platform_L_ext.uasset" 851
"../../../../../UnrealProyects/Juego_Fase1/Content/Platformer/Meshes/Pl_8m_Platform_rnd.uasset" 852
"../../../../../UnrealProyects/Juego_Fase1/Content/Platformer/Meshes/Pl_button.uasset" 853
"../../../../../UnrealProyects/Juego_Fase1/Content/Platformer/Meshes/Pl_buttonBase.uasset" 854
"../../../Engine/Content/Functions/Engine_MaterialFunctions01/WorldPositionOffset/SimpleGrassWind.uasset" 855
"../../../../../UnrealProyects/Juego_Fase1/Content/Platformer/Materials/M_Cloud.uasset" 856
"../../../../../UnrealProyects/Juego_Fase1/Content/Platformer/Meshes/Pl_CloudPlat_4m.uasset" 857
"../../../../../UnrealProyects/Juego_Fase1/Content/Platformer/Meshes/Pl_CloudPlat_4x8m.uasset" 858
"../../../../../UnrealProyects/Juego_Fase1/Content/Platformer/Meshes/Pl_CloudPlat_8m.uasset" 859
"../../../../../UnrealProyects/Juego_Fase1/Content/Platformer/Textures/Pl_Crate_d.uasset" 860
"../../../../../UnrealProyects/Juego_Fase1/Content/Platformer/Textures/Pl_Crate_n.uasset" 861
"../../../../../UnrealProyects/Juego_Fase1/Content/Platformer/Textures/Pl_Crate_r.uasset" 862
"../../../../../UnrealProyects/Juego_Fase1/Content/Platformer/Materials/M_Crate_Light_Parent.uasset" 863
"../../../../../UnrealProyects/Juego_Fase1/Content/Platformer/Meshes/Pl_Crate_01.uasset" 864
"../../../../../UnrealProyects/Juego_Fase1/Content/Platformer/Meshes/Pl_Crate_02.uasset" 865
"../../../../../UnrealProyects/Juego_Fase1/Content/Platformer/Meshes/Pl_Crate_Shards_01.uasset" 866
"../../../../../UnrealProyects/Juego_Fase1/Content/Platformer/Meshes/Pl_Crate_Shards_02.uasset" 867
"../../../../../UnrealProyects/Juego_Fase1/Content/Platformer/Meshes/Pl_Crate_Shards_03.uasset" 868
"../../../../../UnrealProyects/Juego_Fase1/Content/Platformer/Materials/M_Wood_Light_Instance.uasset" 869
"../../../../../UnrealProyects/Juego_Fase1/Content/Platformer/Meshes/Pl_Fence_2m_01.uasset" 870
"../../../../../UnrealProyects/Juego_Fase1/Content/Platformer/Meshes/Pl_Fence_2m_02.uasset" 871
"../../../../../UnrealProyects/Juego_Fase1/Content/Platformer/Meshes/Pl_Fence_8m_01.uasset" 872
"../../../../../UnrealProyects/Juego_Fase1/Content/Platformer/Meshes/Pl_Fence_8m_02.uasset" 873
"../../../../../UnrealProyects/Juego_Fase1/Content/Platformer/Meshes/Pl_FencePost.uasset" 874
"../../../../../UnrealProyects/Juego_Fase1/Content/Platformer/Textures/Pl_Plants_d.uasset" 875
"../../../../../UnrealProyects/Juego_Fase1/Content/Platformer/Textures/Pl_Plants_n.uasset" 876
"../../../../../UnrealProyects/Juego_Fase1/Content/Platformer/Textures/Pl_Plants_r.uasset" 877
"../../../../../UnrealProyects/Juego_Fase1/Content/Platformer/Materials/M_Plants.uasset" 878
"../../../../../UnrealProyects/Juego_Fase1/Content/Platformer/Meshes/Pl_Fern_01.uasset" 879
"../../../../../UnrealProyects/Juego_Fase1/Content/Platformer/Meshes/Pl_fern_02.uasset" 880
"../../../../../UnrealProyects/Juego_Fase1/Content/Platformer/Meshes/Pl_flower_01.uasset" 881
"../../../../../UnrealProyects/Juego_Fase1/Content/Platformer/Meshes/Pl_flower_02.uasset" 882
"../../../../../UnrealProyects/Juego_Fase1/Content/Platformer/Meshes/Pl_flower_03.uasset" 883
"../../../../../UnrealProyects/Juego_Fase1/Content/Platformer/Meshes/Pl_flower_04.uasset" 884
"../../../../../UnrealProyects/Juego_Fase1/Content/Platformer/Meshes/Pl_flower_05.uasset" 885
"../../../../../UnrealProyects/Juego_Fase1/Content/Platformer/Meshes/Pl_flower_06.uasset" 886
"../../../../../UnrealProyects/Juego_Fase1/Content/Platformer/Meshes/Pl_GrassWall_4m.uasset" 887
"../../../../../UnrealProyects/Juego_Fase1/Content/Platformer/Meshes/Pl_GrassWall_8m.uasset" 888
"../../../../../UnrealProyects/Juego_Fase1/Content/Platformer/Meshes/Pl_gtrim_01.uasset" 889
"../../../../../UnrealProyects/Juego_Fase1/Content/Platformer/Meshes/Pl_gtrim_02.uasset" 890
"../../../../../UnrealProyects/Juego_Fase1/Content/Platformer/Meshes/Pl_gtrim_03.uasset" 891
"../../../../../UnrealProyects/Juego_Fase1/Content/Platformer/Meshes/Pl_gtrim_04.uasset" 892
"../../../../../UnrealProyects/Juego_Fase1/Content/Platformer/Meshes/Pl_MetalBox_2m.uasset" 893
"../../../../../UnrealProyects/Juego_Fase1/Content/Platformer/Meshes/Pl_MetalBox_2m_short.uasset" 894
"../../../../../UnrealProyects/Juego_Fase1/Content/Platformer/Materials/M_Plastic_Yellow_Pattern_Inst.uasset" 895
"../../../../../UnrealProyects/Juego_Fase1/Content/Platformer/Meshes/Pl_MetalBox_4x2m.uasset" 896
"../../../../../UnrealProyects/Juego_Fase1/Content/Platformer/Meshes/Pl_MetalBox_4x2m_short.uasset" 897
"../../../../../UnrealProyects/Juego_Fase1/Content/Platformer/Meshes/Pl_MetalBox_4x4m.uasset" 898
"../../../../../UnrealProyects/Juego_Fase1/Content/Platformer/Meshes/Pl_MetalBox_8x4m.uasset" 899
"../../../../../UnrealProyects/Juego_Fase1/Content/Platformer/Meshes/Pl_plant_01.uasset" 900
"../../../../../UnrealProyects/Juego_Fase1/Content/Platformer/Meshes/Pl_plant_02.uasset" 901
"../../../../../UnrealProyects/Juego_Fase1/Content/Platformer/Meshes/Pl_plant_03.uasset" 902
"../../../../../UnrealProyects/Juego_Fase1/Content/Platformer/Meshes/Pl_Ramp_4m.uasset" 903
"../../../../../UnrealProyects/Juego_Fase1/Content/Platformer/Materials/M_Wood_Yellow_Instance.uasset" 904
"../../../../../UnrealProyects/Juego_Fase1/Content/Platformer/Meshes/Pl_ScaffoldBlock_01.uasset" 905
"../../../../../UnrealProyects/Juego_Fase1/Content/Platformer/Meshes/Pl_Scaffoldpost_01.uasset" 906
"../../../../../UnrealProyects/Juego_Fase1/Content/Platformer/Meshes/Pl_ScaffoldWall_01.uasset" 907
"../../../../../UnrealProyects/Juego_Fase1/Content/Platformer/Materials/M_Metal_Grey_Instance.uasset" 908
"../../../../../UnrealProyects/Juego_Fase1/Content/Platformer/Meshes/Pl_Screw_01.uasset" 909
"../../../../../UnrealProyects/Juego_Fase1/Content/Platformer/Materials/M_Plastic_Grey_Inst.uasset" 910
"../../../../../UnrealProyects/Juego_Fase1/Content/Platformer/Meshes/Pl_secretDoor_01.uasset" 911
"../../../../../UnrealProyects/Juego_Fase1/Content/Platformer/Meshes/Pl_Sign_01.uasset" 912
"../../../../../UnrealProyects/Juego_Fase1/Content/Platformer/Meshes/Pl_Signpost_01.uasset" 913
"../../../../../UnrealProyects/Juego_Fase1/Content/Platformer/Textures/pl_tree_d.uasset" 914
"../../../../../UnrealProyects/Juego_Fase1/Content/Platformer/Textures/pl_tree_n.uasset" 915
"../../../../../UnrealProyects/Juego_Fase1/Content/Platformer/Textures/pl_tree_r.uasset" 916
"../../../../../UnrealProyects/Juego_Fase1/Content/Platformer/Materials/M_Tree.uasset" 917
"../../../../../UnrealProyects/Juego_Fase1/Content/Platformer/Meshes/Pl_Tree_01.uasset" 918
"../../../../../UnrealProyects/Juego_Fase1/Content/Platformer/Meshes/Pl_Tree_02.uasset" 919
"../../../../../UnrealProyects/Juego_Fase1/Content/Platformer/Meshes/Pl_Tree_03.uasset" 920
"../../../../../UnrealProyects/Juego_Fase1/Content/Platformer/Meshes/Pl_Tree_04.uasset" 921
"../../../../../UnrealProyects/Juego_Fase1/Content/Platformer/Meshes/Pl_Woodcatwalk_4m_01.uasset" 922
"../../../../../UnrealProyects/Juego_Fase1/Content/Platformer/Meshes/Pl_Woodcatwalk_4m_02.uasset" 923
"../../../../../UnrealProyects/Juego_Fase1/Content/Platformer/Meshes/Pl_woodPlat_1m.uasset" 924
"../../../../../UnrealProyects/Juego_Fase1/Content/Platformer/Meshes/Pl_woodPlat_2m.uasset" 925
"../../../../../UnrealProyects/Juego_Fase1/Content/Platformer/Ocean/Meshes/SM_OceanWater.uasset" 926
"../../../../../UnrealProyects/Juego_Fase1/Content/Platformer/Maps/Inicial_map.umap" 927
